   0  $accept : program $end

   1  program : external_declaration
   2          | program external_declaration

   3  external_declaration : declaration
   4                       | function_definition

   5  declaration : type_list init_declarator_list ';'

   6  stmt : compound_stmt
   7       | expression_stmt
   8       | selection_stmt
   9       | iteration_stmt
  10       | jump_stmt

  11  $$1 :

  12  function_definition : type_list declarator $$1 compound_stmt
  13                      | declarator compound_stmt
  14                      | type_list declarator declaration_list compound_stmt
  15                      | declarator declaration_list compound_stmt

  16  declaration_list : declaration_list declaration
  17                   | declaration

  18  switch_clauses : '{' switch_clause '}'
  19                 | '{' '}'

  20  switch_clause : switch_clause stmt
  21                | switch_clause labeled_stmt
  22                | labeled_stmt

  23  labeled_stmt : CASE expression ':'
  24               | DEFAULT ':'

  25  compound_stmt : '{' '}'
  26                | '{' compound_stmt_contents '}'

  27  compound_stmt_contents : declaration
  28                         | stmt
  29                         | compound_stmt_contents declaration
  30                         | compound_stmt_contents stmt

  31  expression_stmt : ';'
  32                  | expression ';'

  33  selection_stmt : IF '(' expression ')' compound_stmt
  34                 | IF '(' expression ')' compound_stmt ELSE compound_stmt
  35                 | SWITCH '(' expression ')' switch_clauses

  36  expression_in_for : expression
  37                    |

  38  iteration_stmt : WHILE '(' expression ')' stmt
  39                 | DO stmt WHILE '(' expression ')' ';'
  40                 | FOR '(' expression_in_for ';' expression_in_for ';' expression_in_for ')' stmt

  41  jump_stmt : CONTINUE ';'
  42            | BREAK ';'
  43            | RETURN ';'
  44            | RETURN expression ';'

  45  type_list : type_list type
  46            | type

  47  type : CONST
  48       | SIGNED
  49       | UNSIGNED
  50       | SHORT
  51       | LONG
  52       | VOID
  53       | INT
  54       | CHAR
  55       | FLOAT
  56       | DOUBLE
  57       | CHAR4

  58  init_declarator_list : init_declarator_list ',' init_declarator
  59                       | init_declarator

  60  init_declarator : declarator
  61                  | declarator '=' initializer

  62  declarator : direct_declarator

  63  direct_declarator : IDENT
  64                    | pointer IDENT
  65                    | direct_declarator '[' expression ']'
  66                    | direct_declarator '[' ']'
  67                    | '(' declarator ')'
  68                    | IDENT '(' parameter_list ')'
  69                    | IDENT '(' identifier_list ')'
  70                    | IDENT '(' ')'

  71  parameter_list : parameter_declaration
  72                 | parameter_list ',' parameter_declaration

  73  parameter_declaration : type_list declarator
  74                        | type_list abstract_declarator
  75                        | type_list

  76  identifier_list : IDENT
  77                  | identifier_list ',' IDENT

  78  pointer : '*'
  79          | pointer '*'

  80  initializer : assignment_expression
  81              | '{' initializer_list '}'

  82  initializer_list : initializer
  83                   | initializer_list ',' initializer

  84  expression : assignment_expression
  85             | expression ',' assignment_expression

  86  assignment_expression : constant_expression
  87                        | cast_expression assignment_op assignment_expression

  88  assignment_op : '='

  89  constant_expression : conditional_expression

  90  conditional_expression : logical_or_expression
  91                         | logical_or_expression '?' expression ':' conditional_expression

  92  logical_or_expression : logical_and_expression
  93                        | logical_or_expression OR logical_and_expression

  94  logical_and_expression : inclusive_or_expression
  95                         | logical_and_expression AND inclusive_or_expression

  96  inclusive_or_expression : exclusive_or_expression
  97                          | inclusive_or_expression '|' exclusive_or_expression

  98  exclusive_or_expression : and_expression
  99                          | exclusive_or_expression '^' and_expression

 100  and_expression : equality_expression
 101                 | and_expression '&' equality_expression

 102  equality_expression : relational_expression
 103                      | equality_expression EQUALS relational_expression
 104                      | equality_expression NOT_EQUALS relational_expression

 105  relational_expression : shift_expression
 106                        | relational_expression '<' shift_expression
 107                        | relational_expression '>' shift_expression
 108                        | relational_expression LESS_OR_EQUAL shift_expression
 109                        | relational_expression GREATER_OR_EQUAL shift_expression

 110  shift_expression : additive_expression
 111                   | shift_expression LEFT_SHIFT additive_expression
 112                   | shift_expression RIGHT_SHIFT additive_expression

 113  additive_expression : multiplicative_expression
 114                      | additive_expression '+' multiplicative_expression
 115                      | additive_expression '-' multiplicative_expression

 116  multiplicative_expression : cast_expression
 117                            | multiplicative_expression '*' cast_expression
 118                            | multiplicative_expression '/' cast_expression
 119                            | multiplicative_expression '%' cast_expression

 120  cast_expression : unary_expression
 121                  | '(' type_name ')' cast_expression

 122  unary_expression : postfix_expression
 123                   | unary_op_list postfix_expression

 124  postfix_expression : primary_expression
 125                     | postfix_expression '(' ')'
 126                     | postfix_expression '(' argument_expression_list ')'
 127                     | postfix_expression INC
 128                     | postfix_expression DEC

 129  argument_expression_list : argument_expression
 130                           | argument_expression_list ',' argument_expression

 131  argument_expression : assignment_expression

 132  primary_expression : IDENT
 133                     | primary_expression '[' expression ']'
 134                     | INTEGER
 135                     | FLOATING
 136                     | STRING
 137                     | CHARACTER
 138                     | '(' expression ')'

 139  unary_op_list : unary_op_list unary_op
 140                | unary_op

 141  unary_op : '&'
 142           | '*'
 143           | '+'
 144           | '-'
 145           | '~'
 146           | '!'
 147           | INC
 148           | DEC

 149  type_name : type_list
 150            | type_list abstract_declarator

 151  abstract_declarator : pointer
 152                      | direct_abstract_declarator
 153                      | pointer direct_abstract_declarator

 154  direct_abstract_declarator : '(' abstract_declarator ')'
 155                             | '[' ']'
 156                             | '[' expression ']'
 157                             | direct_abstract_declarator '[' ']'
 158                             | direct_abstract_declarator '[' expression ']'
 159                             | '(' ')'
 160                             | '(' parameter_list ')'
 161                             | direct_abstract_declarator '(' ')'
 162                             | direct_abstract_declarator '(' parameter_list ')'

state 0
	$accept : . program $end  (0)

	IDENT  shift 1
	CONST  shift 2
	SIGNED  shift 3
	UNSIGNED  shift 4
	SHORT  shift 5
	LONG  shift 6
	VOID  shift 7
	INT  shift 8
	CHAR  shift 9
	FLOAT  shift 10
	DOUBLE  shift 11
	CHAR4  shift 12
	'*'  shift 13
	'('  shift 14
	.  error

	program  goto 15
	pointer  goto 16
	external_declaration  goto 17
	declaration  goto 18
	function_definition  goto 19
	direct_declarator  goto 20
	declarator  goto 21
	type  goto 22
	type_list  goto 23


state 1
	direct_declarator : IDENT .  (63)
	direct_declarator : IDENT . '(' parameter_list ')'  (68)
	direct_declarator : IDENT . '(' identifier_list ')'  (69)
	direct_declarator : IDENT . '(' ')'  (70)

	'('  shift 24
	CONST  reduce 63
	SIGNED  reduce 63
	UNSIGNED  reduce 63
	SHORT  reduce 63
	LONG  reduce 63
	VOID  reduce 63
	INT  reduce 63
	CHAR  reduce 63
	FLOAT  reduce 63
	DOUBLE  reduce 63
	CHAR4  reduce 63
	'='  reduce 63
	';'  reduce 63
	'{'  reduce 63
	')'  reduce 63
	','  reduce 63
	'['  reduce 63


state 2
	type : CONST .  (47)

	.  reduce 47


state 3
	type : SIGNED .  (48)

	.  reduce 48


state 4
	type : UNSIGNED .  (49)

	.  reduce 49


state 5
	type : SHORT .  (50)

	.  reduce 50


state 6
	type : LONG .  (51)

	.  reduce 51


state 7
	type : VOID .  (52)

	.  reduce 52


state 8
	type : INT .  (53)

	.  reduce 53


state 9
	type : CHAR .  (54)

	.  reduce 54


state 10
	type : FLOAT .  (55)

	.  reduce 55


state 11
	type : DOUBLE .  (56)

	.  reduce 56


state 12
	type : CHAR4 .  (57)

	.  reduce 57


state 13
	pointer : '*' .  (78)

	.  reduce 78


state 14
	direct_declarator : '(' . declarator ')'  (67)

	IDENT  shift 1
	'*'  shift 13
	'('  shift 14
	.  error

	pointer  goto 16
	direct_declarator  goto 20
	declarator  goto 25


state 15
	$accept : program . $end  (0)
	program : program . external_declaration  (2)

	$end  accept
	IDENT  shift 1
	CONST  shift 2
	SIGNED  shift 3
	UNSIGNED  shift 4
	SHORT  shift 5
	LONG  shift 6
	VOID  shift 7
	INT  shift 8
	CHAR  shift 9
	FLOAT  shift 10
	DOUBLE  shift 11
	CHAR4  shift 12
	'*'  shift 13
	'('  shift 14
	.  error

	pointer  goto 16
	external_declaration  goto 26
	declaration  goto 18
	function_definition  goto 19
	direct_declarator  goto 20
	declarator  goto 21
	type  goto 22
	type_list  goto 23


state 16
	direct_declarator : pointer . IDENT  (64)
	pointer : pointer . '*'  (79)

	IDENT  shift 27
	'*'  shift 28
	.  error


state 17
	program : external_declaration .  (1)

	.  reduce 1


state 18
	external_declaration : declaration .  (3)

	.  reduce 3


state 19
	external_declaration : function_definition .  (4)

	.  reduce 4


state 20
	declarator : direct_declarator .  (62)
	direct_declarator : direct_declarator . '[' expression ']'  (65)
	direct_declarator : direct_declarator . '[' ']'  (66)

	'['  shift 29
	CONST  reduce 62
	SIGNED  reduce 62
	UNSIGNED  reduce 62
	SHORT  reduce 62
	LONG  reduce 62
	VOID  reduce 62
	INT  reduce 62
	CHAR  reduce 62
	FLOAT  reduce 62
	DOUBLE  reduce 62
	CHAR4  reduce 62
	'='  reduce 62
	';'  reduce 62
	'{'  reduce 62
	')'  reduce 62
	','  reduce 62


state 21
	function_definition : declarator . compound_stmt  (13)
	function_definition : declarator . declaration_list compound_stmt  (15)

	CONST  shift 2
	SIGNED  shift 3
	UNSIGNED  shift 4
	SHORT  shift 5
	LONG  shift 6
	VOID  shift 7
	INT  shift 8
	CHAR  shift 9
	FLOAT  shift 10
	DOUBLE  shift 11
	CHAR4  shift 12
	'{'  shift 30
	.  error

	declaration  goto 31
	declaration_list  goto 32
	compound_stmt  goto 33
	type  goto 22
	type_list  goto 34


state 22
	type_list : type .  (46)

	.  reduce 46


state 23
	declaration : type_list . init_declarator_list ';'  (5)
	function_definition : type_list . declarator $$1 compound_stmt  (12)
	function_definition : type_list . declarator declaration_list compound_stmt  (14)
	type_list : type_list . type  (45)

	IDENT  shift 1
	CONST  shift 2
	SIGNED  shift 3
	UNSIGNED  shift 4
	SHORT  shift 5
	LONG  shift 6
	VOID  shift 7
	INT  shift 8
	CHAR  shift 9
	FLOAT  shift 10
	DOUBLE  shift 11
	CHAR4  shift 12
	'*'  shift 13
	'('  shift 14
	.  error

	pointer  goto 16
	init_declarator_list  goto 35
	init_declarator  goto 36
	direct_declarator  goto 20
	declarator  goto 37
	type  goto 38


state 24
	direct_declarator : IDENT '(' . parameter_list ')'  (68)
	direct_declarator : IDENT '(' . identifier_list ')'  (69)
	direct_declarator : IDENT '(' . ')'  (70)

	IDENT  shift 39
	CONST  shift 2
	SIGNED  shift 3
	UNSIGNED  shift 4
	SHORT  shift 5
	LONG  shift 6
	VOID  shift 7
	INT  shift 8
	CHAR  shift 9
	FLOAT  shift 10
	DOUBLE  shift 11
	CHAR4  shift 12
	')'  shift 40
	.  error

	type  goto 22
	type_list  goto 41
	parameter_list  goto 42
	identifier_list  goto 43
	parameter_declaration  goto 44


state 25
	direct_declarator : '(' declarator . ')'  (67)

	')'  shift 45
	.  error


state 26
	program : program external_declaration .  (2)

	.  reduce 2


state 27
	direct_declarator : pointer IDENT .  (64)

	.  reduce 64


state 28
	pointer : pointer '*' .  (79)

	.  reduce 79


state 29
	direct_declarator : direct_declarator '[' . expression ']'  (65)
	direct_declarator : direct_declarator '[' . ']'  (66)

	IDENT  shift 46
	INTEGER  shift 47
	FLOATING  shift 48
	CHARACTER  shift 49
	STRING  shift 50
	INC  shift 51
	DEC  shift 52
	'+'  shift 53
	'-'  shift 54
	'*'  shift 55
	'('  shift 56
	']'  shift 57
	'&'  shift 58
	'~'  shift 59
	'!'  shift 60
	.  error

	unary_op  goto 61
	expression  goto 62
	assignment_expression  goto 63
	constant_expression  goto 64
	conditional_expression  goto 65
	logical_or_expression  goto 66
	logical_and_expression  goto 67
	inclusive_or_expression  goto 68
	exclusive_or_expression  goto 69
	and_expression  goto 70
	equality_expression  goto 71
	relational_expression  goto 72
	shift_expression  goto 73
	additive_expression  goto 74
	multiplicative_expression  goto 75
	cast_expression  goto 76
	unary_expression  goto 77
	unary_op_list  goto 78
	postfix_expression  goto 79
	primary_expression  goto 80


state 30
	compound_stmt : '{' . '}'  (25)
	compound_stmt : '{' . compound_stmt_contents '}'  (26)

	IDENT  shift 46
	INTEGER  shift 47
	FLOATING  shift 48
	CHARACTER  shift 49
	STRING  shift 50
	INC  shift 51
	DEC  shift 52
	CONST  shift 2
	SIGNED  shift 3
	UNSIGNED  shift 4
	SHORT  shift 5
	LONG  shift 6
	VOID  shift 7
	INT  shift 8
	CHAR  shift 9
	FLOAT  shift 10
	DOUBLE  shift 11
	CHAR4  shift 12
	IF  shift 81
	SWITCH  shift 82
	DO  shift 83
	WHILE  shift 84
	FOR  shift 85
	RETURN  shift 86
	BREAK  shift 87
	CONTINUE  shift 88
	'+'  shift 53
	'-'  shift 54
	'*'  shift 55
	';'  shift 89
	'{'  shift 30
	'}'  shift 90
	'('  shift 56
	'&'  shift 58
	'~'  shift 59
	'!'  shift 60
	.  error

	unary_op  goto 61
	declaration  goto 91
	stmt  goto 92
	compound_stmt  goto 93
	expression_stmt  goto 94
	selection_stmt  goto 95
	iteration_stmt  goto 96
	jump_stmt  goto 97
	compound_stmt_contents  goto 98
	expression  goto 99
	assignment_expression  goto 63
	constant_expression  goto 64
	conditional_expression  goto 65
	logical_or_expression  goto 66
	logical_and_expression  goto 67
	inclusive_or_expression  goto 68
	exclusive_or_expression  goto 69
	and_expression  goto 70
	equality_expression  goto 71
	relational_expression  goto 72
	shift_expression  goto 73
	additive_expression  goto 74
	multiplicative_expression  goto 75
	cast_expression  goto 76
	unary_expression  goto 77
	unary_op_list  goto 78
	postfix_expression  goto 79
	primary_expression  goto 80
	type  goto 22
	type_list  goto 34


state 31
	declaration_list : declaration .  (17)

	.  reduce 17


state 32
	function_definition : declarator declaration_list . compound_stmt  (15)
	declaration_list : declaration_list . declaration  (16)

	CONST  shift 2
	SIGNED  shift 3
	UNSIGNED  shift 4
	SHORT  shift 5
	LONG  shift 6
	VOID  shift 7
	INT  shift 8
	CHAR  shift 9
	FLOAT  shift 10
	DOUBLE  shift 11
	CHAR4  shift 12
	'{'  shift 30
	.  error

	declaration  goto 100
	compound_stmt  goto 101
	type  goto 22
	type_list  goto 34


state 33
	function_definition : declarator compound_stmt .  (13)

	.  reduce 13


state 34
	declaration : type_list . init_declarator_list ';'  (5)
	type_list : type_list . type  (45)

	IDENT  shift 1
	CONST  shift 2
	SIGNED  shift 3
	UNSIGNED  shift 4
	SHORT  shift 5
	LONG  shift 6
	VOID  shift 7
	INT  shift 8
	CHAR  shift 9
	FLOAT  shift 10
	DOUBLE  shift 11
	CHAR4  shift 12
	'*'  shift 13
	'('  shift 14
	.  error

	pointer  goto 16
	init_declarator_list  goto 35
	init_declarator  goto 36
	direct_declarator  goto 20
	declarator  goto 102
	type  goto 38


state 35
	declaration : type_list init_declarator_list . ';'  (5)
	init_declarator_list : init_declarator_list . ',' init_declarator  (58)

	';'  shift 103
	','  shift 104
	.  error


state 36
	init_declarator_list : init_declarator .  (59)

	.  reduce 59


state 37
	function_definition : type_list declarator . $$1 compound_stmt  (12)
	function_definition : type_list declarator . declaration_list compound_stmt  (14)
	init_declarator : declarator .  (60)
	init_declarator : declarator . '=' initializer  (61)
	$$1 : .  (11)

	CONST  shift 2
	SIGNED  shift 3
	UNSIGNED  shift 4
	SHORT  shift 5
	LONG  shift 6
	VOID  shift 7
	INT  shift 8
	CHAR  shift 9
	FLOAT  shift 10
	DOUBLE  shift 11
	CHAR4  shift 12
	'='  shift 105
	';'  reduce 60
	'{'  reduce 11
	','  reduce 60

	declaration  goto 31
	declaration_list  goto 106
	type  goto 22
	type_list  goto 34
	$$1  goto 107


state 38
	type_list : type_list type .  (45)

	.  reduce 45


state 39
	identifier_list : IDENT .  (76)

	.  reduce 76


state 40
	direct_declarator : IDENT '(' ')' .  (70)

	.  reduce 70


state 41
	type_list : type_list . type  (45)
	parameter_declaration : type_list . declarator  (73)
	parameter_declaration : type_list . abstract_declarator  (74)
	parameter_declaration : type_list .  (75)

	IDENT  shift 1
	CONST  shift 2
	SIGNED  shift 3
	UNSIGNED  shift 4
	SHORT  shift 5
	LONG  shift 6
	VOID  shift 7
	INT  shift 8
	CHAR  shift 9
	FLOAT  shift 10
	DOUBLE  shift 11
	CHAR4  shift 12
	'*'  shift 13
	'('  shift 108
	'['  shift 109
	')'  reduce 75
	','  reduce 75

	pointer  goto 110
	direct_declarator  goto 20
	declarator  goto 111
	type  goto 38
	abstract_declarator  goto 112
	direct_abstract_declarator  goto 113


state 42
	direct_declarator : IDENT '(' parameter_list . ')'  (68)
	parameter_list : parameter_list . ',' parameter_declaration  (72)

	')'  shift 114
	','  shift 115
	.  error


state 43
	direct_declarator : IDENT '(' identifier_list . ')'  (69)
	identifier_list : identifier_list . ',' IDENT  (77)

	')'  shift 116
	','  shift 117
	.  error


state 44
	parameter_list : parameter_declaration .  (71)

	.  reduce 71


state 45
	direct_declarator : '(' declarator ')' .  (67)

	.  reduce 67


state 46
	primary_expression : IDENT .  (132)

	.  reduce 132


state 47
	primary_expression : INTEGER .  (134)

	.  reduce 134


state 48
	primary_expression : FLOATING .  (135)

	.  reduce 135


state 49
	primary_expression : CHARACTER .  (137)

	.  reduce 137


state 50
	primary_expression : STRING .  (136)

	.  reduce 136


state 51
	unary_op : INC .  (147)

	.  reduce 147


state 52
	unary_op : DEC .  (148)

	.  reduce 148


state 53
	unary_op : '+' .  (143)

	.  reduce 143


state 54
	unary_op : '-' .  (144)

	.  reduce 144


state 55
	unary_op : '*' .  (142)

	.  reduce 142


state 56
	cast_expression : '(' . type_name ')' cast_expression  (121)
	primary_expression : '(' . expression ')'  (138)

	IDENT  shift 46
	INTEGER  shift 47
	FLOATING  shift 48
	CHARACTER  shift 49
	STRING  shift 50
	INC  shift 51
	DEC  shift 52
	CONST  shift 2
	SIGNED  shift 3
	UNSIGNED  shift 4
	SHORT  shift 5
	LONG  shift 6
	VOID  shift 7
	INT  shift 8
	CHAR  shift 9
	FLOAT  shift 10
	DOUBLE  shift 11
	CHAR4  shift 12
	'+'  shift 53
	'-'  shift 54
	'*'  shift 55
	'('  shift 56
	'&'  shift 58
	'~'  shift 59
	'!'  shift 60
	.  error

	unary_op  goto 61
	expression  goto 118
	assignment_expression  goto 63
	constant_expression  goto 64
	conditional_expression  goto 65
	logical_or_expression  goto 66
	logical_and_expression  goto 67
	inclusive_or_expression  goto 68
	exclusive_or_expression  goto 69
	and_expression  goto 70
	equality_expression  goto 71
	relational_expression  goto 72
	shift_expression  goto 73
	additive_expression  goto 74
	multiplicative_expression  goto 75
	cast_expression  goto 76
	unary_expression  goto 77
	unary_op_list  goto 78
	postfix_expression  goto 79
	primary_expression  goto 80
	type  goto 22
	type_list  goto 119
	type_name  goto 120


state 57
	direct_declarator : direct_declarator '[' ']' .  (66)

	.  reduce 66


state 58
	unary_op : '&' .  (141)

	.  reduce 141


state 59
	unary_op : '~' .  (145)

	.  reduce 145


state 60
	unary_op : '!' .  (146)

	.  reduce 146


state 61
	unary_op_list : unary_op .  (140)

	.  reduce 140


state 62
	direct_declarator : direct_declarator '[' expression . ']'  (65)
	expression : expression . ',' assignment_expression  (85)

	','  shift 121
	']'  shift 122
	.  error


state 63
	expression : assignment_expression .  (84)

	.  reduce 84


state 64
	assignment_expression : constant_expression .  (86)

	.  reduce 86


state 65
	constant_expression : conditional_expression .  (89)

	.  reduce 89


state 66
	conditional_expression : logical_or_expression .  (90)
	conditional_expression : logical_or_expression . '?' expression ':' conditional_expression  (91)
	logical_or_expression : logical_or_expression . OR logical_and_expression  (93)

	OR  shift 123
	'?'  shift 124
	';'  reduce 90
	'}'  reduce 90
	':'  reduce 90
	')'  reduce 90
	','  reduce 90
	']'  reduce 90


state 67
	logical_or_expression : logical_and_expression .  (92)
	logical_and_expression : logical_and_expression . AND inclusive_or_expression  (95)

	AND  shift 125
	OR  reduce 92
	';'  reduce 92
	'}'  reduce 92
	':'  reduce 92
	')'  reduce 92
	','  reduce 92
	']'  reduce 92
	'?'  reduce 92


state 68
	logical_and_expression : inclusive_or_expression .  (94)
	inclusive_or_expression : inclusive_or_expression . '|' exclusive_or_expression  (97)

	'|'  shift 126
	AND  reduce 94
	OR  reduce 94
	';'  reduce 94
	'}'  reduce 94
	':'  reduce 94
	')'  reduce 94
	','  reduce 94
	']'  reduce 94
	'?'  reduce 94


state 69
	inclusive_or_expression : exclusive_or_expression .  (96)
	exclusive_or_expression : exclusive_or_expression . '^' and_expression  (99)

	'^'  shift 127
	AND  reduce 96
	OR  reduce 96
	';'  reduce 96
	'}'  reduce 96
	':'  reduce 96
	')'  reduce 96
	','  reduce 96
	']'  reduce 96
	'?'  reduce 96
	'|'  reduce 96


state 70
	exclusive_or_expression : and_expression .  (98)
	and_expression : and_expression . '&' equality_expression  (101)

	'&'  shift 128
	AND  reduce 98
	OR  reduce 98
	';'  reduce 98
	'}'  reduce 98
	':'  reduce 98
	')'  reduce 98
	','  reduce 98
	']'  reduce 98
	'?'  reduce 98
	'|'  reduce 98
	'^'  reduce 98


state 71
	and_expression : equality_expression .  (100)
	equality_expression : equality_expression . EQUALS relational_expression  (103)
	equality_expression : equality_expression . NOT_EQUALS relational_expression  (104)

	EQUALS  shift 129
	NOT_EQUALS  shift 130
	AND  reduce 100
	OR  reduce 100
	';'  reduce 100
	'}'  reduce 100
	':'  reduce 100
	')'  reduce 100
	','  reduce 100
	']'  reduce 100
	'?'  reduce 100
	'|'  reduce 100
	'^'  reduce 100
	'&'  reduce 100


state 72
	equality_expression : relational_expression .  (102)
	relational_expression : relational_expression . '<' shift_expression  (106)
	relational_expression : relational_expression . '>' shift_expression  (107)
	relational_expression : relational_expression . LESS_OR_EQUAL shift_expression  (108)
	relational_expression : relational_expression . GREATER_OR_EQUAL shift_expression  (109)

	LESS_OR_EQUAL  shift 131
	GREATER_OR_EQUAL  shift 132
	'<'  shift 133
	'>'  shift 134
	EQUALS  reduce 102
	NOT_EQUALS  reduce 102
	AND  reduce 102
	OR  reduce 102
	';'  reduce 102
	'}'  reduce 102
	':'  reduce 102
	')'  reduce 102
	','  reduce 102
	']'  reduce 102
	'?'  reduce 102
	'|'  reduce 102
	'^'  reduce 102
	'&'  reduce 102


state 73
	relational_expression : shift_expression .  (105)
	shift_expression : shift_expression . LEFT_SHIFT additive_expression  (111)
	shift_expression : shift_expression . RIGHT_SHIFT additive_expression  (112)

	LEFT_SHIFT  shift 135
	RIGHT_SHIFT  shift 136
	LESS_OR_EQUAL  reduce 105
	GREATER_OR_EQUAL  reduce 105
	EQUALS  reduce 105
	NOT_EQUALS  reduce 105
	AND  reduce 105
	OR  reduce 105
	';'  reduce 105
	'}'  reduce 105
	':'  reduce 105
	')'  reduce 105
	','  reduce 105
	']'  reduce 105
	'?'  reduce 105
	'|'  reduce 105
	'^'  reduce 105
	'&'  reduce 105
	'<'  reduce 105
	'>'  reduce 105


state 74
	shift_expression : additive_expression .  (110)
	additive_expression : additive_expression . '+' multiplicative_expression  (114)
	additive_expression : additive_expression . '-' multiplicative_expression  (115)

	'+'  shift 137
	'-'  shift 138
	LEFT_SHIFT  reduce 110
	RIGHT_SHIFT  reduce 110
	LESS_OR_EQUAL  reduce 110
	GREATER_OR_EQUAL  reduce 110
	EQUALS  reduce 110
	NOT_EQUALS  reduce 110
	AND  reduce 110
	OR  reduce 110
	';'  reduce 110
	'}'  reduce 110
	':'  reduce 110
	')'  reduce 110
	','  reduce 110
	']'  reduce 110
	'?'  reduce 110
	'|'  reduce 110
	'^'  reduce 110
	'&'  reduce 110
	'<'  reduce 110
	'>'  reduce 110


state 75
	additive_expression : multiplicative_expression .  (113)
	multiplicative_expression : multiplicative_expression . '*' cast_expression  (117)
	multiplicative_expression : multiplicative_expression . '/' cast_expression  (118)
	multiplicative_expression : multiplicative_expression . '%' cast_expression  (119)

	'*'  shift 139
	'/'  shift 140
	'%'  shift 141
	LEFT_SHIFT  reduce 113
	RIGHT_SHIFT  reduce 113
	LESS_OR_EQUAL  reduce 113
	GREATER_OR_EQUAL  reduce 113
	EQUALS  reduce 113
	NOT_EQUALS  reduce 113
	AND  reduce 113
	OR  reduce 113
	'+'  reduce 113
	'-'  reduce 113
	';'  reduce 113
	'}'  reduce 113
	':'  reduce 113
	')'  reduce 113
	','  reduce 113
	']'  reduce 113
	'?'  reduce 113
	'|'  reduce 113
	'^'  reduce 113
	'&'  reduce 113
	'<'  reduce 113
	'>'  reduce 113


state 76
	assignment_expression : cast_expression . assignment_op assignment_expression  (87)
	multiplicative_expression : cast_expression .  (116)

	'='  shift 142
	LEFT_SHIFT  reduce 116
	RIGHT_SHIFT  reduce 116
	LESS_OR_EQUAL  reduce 116
	GREATER_OR_EQUAL  reduce 116
	EQUALS  reduce 116
	NOT_EQUALS  reduce 116
	AND  reduce 116
	OR  reduce 116
	'+'  reduce 116
	'-'  reduce 116
	'*'  reduce 116
	'/'  reduce 116
	'%'  reduce 116
	';'  reduce 116
	'}'  reduce 116
	':'  reduce 116
	')'  reduce 116
	','  reduce 116
	']'  reduce 116
	'?'  reduce 116
	'|'  reduce 116
	'^'  reduce 116
	'&'  reduce 116
	'<'  reduce 116
	'>'  reduce 116

	assignment_op  goto 143


state 77
	cast_expression : unary_expression .  (120)

	.  reduce 120


state 78
	unary_expression : unary_op_list . postfix_expression  (123)
	unary_op_list : unary_op_list . unary_op  (139)

	IDENT  shift 46
	INTEGER  shift 47
	FLOATING  shift 48
	CHARACTER  shift 49
	STRING  shift 50
	INC  shift 51
	DEC  shift 52
	'+'  shift 53
	'-'  shift 54
	'*'  shift 55
	'('  shift 144
	'&'  shift 58
	'~'  shift 59
	'!'  shift 60
	.  error

	unary_op  goto 145
	postfix_expression  goto 146
	primary_expression  goto 80


state 79
	unary_expression : postfix_expression .  (122)
	postfix_expression : postfix_expression . '(' ')'  (125)
	postfix_expression : postfix_expression . '(' argument_expression_list ')'  (126)
	postfix_expression : postfix_expression . INC  (127)
	postfix_expression : postfix_expression . DEC  (128)

	INC  shift 147
	DEC  shift 148
	'('  shift 149
	LEFT_SHIFT  reduce 122
	RIGHT_SHIFT  reduce 122
	LESS_OR_EQUAL  reduce 122
	GREATER_OR_EQUAL  reduce 122
	EQUALS  reduce 122
	NOT_EQUALS  reduce 122
	AND  reduce 122
	OR  reduce 122
	'='  reduce 122
	'+'  reduce 122
	'-'  reduce 122
	'*'  reduce 122
	'/'  reduce 122
	'%'  reduce 122
	';'  reduce 122
	'}'  reduce 122
	':'  reduce 122
	')'  reduce 122
	','  reduce 122
	']'  reduce 122
	'?'  reduce 122
	'|'  reduce 122
	'^'  reduce 122
	'&'  reduce 122
	'<'  reduce 122
	'>'  reduce 122


state 80
	postfix_expression : primary_expression .  (124)
	primary_expression : primary_expression . '[' expression ']'  (133)

	'['  shift 150
	LEFT_SHIFT  reduce 124
	RIGHT_SHIFT  reduce 124
	LESS_OR_EQUAL  reduce 124
	GREATER_OR_EQUAL  reduce 124
	EQUALS  reduce 124
	NOT_EQUALS  reduce 124
	INC  reduce 124
	DEC  reduce 124
	AND  reduce 124
	OR  reduce 124
	'='  reduce 124
	'+'  reduce 124
	'-'  reduce 124
	'*'  reduce 124
	'/'  reduce 124
	'%'  reduce 124
	';'  reduce 124
	'}'  reduce 124
	':'  reduce 124
	'('  reduce 124
	')'  reduce 124
	','  reduce 124
	']'  reduce 124
	'?'  reduce 124
	'|'  reduce 124
	'^'  reduce 124
	'&'  reduce 124
	'<'  reduce 124
	'>'  reduce 124


state 81
	selection_stmt : IF . '(' expression ')' compound_stmt  (33)
	selection_stmt : IF . '(' expression ')' compound_stmt ELSE compound_stmt  (34)

	'('  shift 151
	.  error


state 82
	selection_stmt : SWITCH . '(' expression ')' switch_clauses  (35)

	'('  shift 152
	.  error


state 83
	iteration_stmt : DO . stmt WHILE '(' expression ')' ';'  (39)

	IDENT  shift 46
	INTEGER  shift 47
	FLOATING  shift 48
	CHARACTER  shift 49
	STRING  shift 50
	INC  shift 51
	DEC  shift 52
	IF  shift 81
	SWITCH  shift 82
	DO  shift 83
	WHILE  shift 84
	FOR  shift 85
	RETURN  shift 86
	BREAK  shift 87
	CONTINUE  shift 88
	'+'  shift 53
	'-'  shift 54
	'*'  shift 55
	';'  shift 89
	'{'  shift 30
	'('  shift 56
	'&'  shift 58
	'~'  shift 59
	'!'  shift 60
	.  error

	unary_op  goto 61
	stmt  goto 153
	compound_stmt  goto 93
	expression_stmt  goto 94
	selection_stmt  goto 95
	iteration_stmt  goto 96
	jump_stmt  goto 97
	expression  goto 99
	assignment_expression  goto 63
	constant_expression  goto 64
	conditional_expression  goto 65
	logical_or_expression  goto 66
	logical_and_expression  goto 67
	inclusive_or_expression  goto 68
	exclusive_or_expression  goto 69
	and_expression  goto 70
	equality_expression  goto 71
	relational_expression  goto 72
	shift_expression  goto 73
	additive_expression  goto 74
	multiplicative_expression  goto 75
	cast_expression  goto 76
	unary_expression  goto 77
	unary_op_list  goto 78
	postfix_expression  goto 79
	primary_expression  goto 80


state 84
	iteration_stmt : WHILE . '(' expression ')' stmt  (38)

	'('  shift 154
	.  error


state 85
	iteration_stmt : FOR . '(' expression_in_for ';' expression_in_for ';' expression_in_for ')' stmt  (40)

	'('  shift 155
	.  error


state 86
	jump_stmt : RETURN . ';'  (43)
	jump_stmt : RETURN . expression ';'  (44)

	IDENT  shift 46
	INTEGER  shift 47
	FLOATING  shift 48
	CHARACTER  shift 49
	STRING  shift 50
	INC  shift 51
	DEC  shift 52
	'+'  shift 53
	'-'  shift 54
	'*'  shift 55
	';'  shift 156
	'('  shift 56
	'&'  shift 58
	'~'  shift 59
	'!'  shift 60
	.  error

	unary_op  goto 61
	expression  goto 157
	assignment_expression  goto 63
	constant_expression  goto 64
	conditional_expression  goto 65
	logical_or_expression  goto 66
	logical_and_expression  goto 67
	inclusive_or_expression  goto 68
	exclusive_or_expression  goto 69
	and_expression  goto 70
	equality_expression  goto 71
	relational_expression  goto 72
	shift_expression  goto 73
	additive_expression  goto 74
	multiplicative_expression  goto 75
	cast_expression  goto 76
	unary_expression  goto 77
	unary_op_list  goto 78
	postfix_expression  goto 79
	primary_expression  goto 80


state 87
	jump_stmt : BREAK . ';'  (42)

	';'  shift 158
	.  error


state 88
	jump_stmt : CONTINUE . ';'  (41)

	';'  shift 159
	.  error


state 89
	expression_stmt : ';' .  (31)

	.  reduce 31


state 90
	compound_stmt : '{' '}' .  (25)

	.  reduce 25


state 91
	compound_stmt_contents : declaration .  (27)

	.  reduce 27


state 92
	compound_stmt_contents : stmt .  (28)

	.  reduce 28


state 93
	stmt : compound_stmt .  (6)

	.  reduce 6


state 94
	stmt : expression_stmt .  (7)

	.  reduce 7


state 95
	stmt : selection_stmt .  (8)

	.  reduce 8


state 96
	stmt : iteration_stmt .  (9)

	.  reduce 9


state 97
	stmt : jump_stmt .  (10)

	.  reduce 10


state 98
	compound_stmt : '{' compound_stmt_contents . '}'  (26)
	compound_stmt_contents : compound_stmt_contents . declaration  (29)
	compound_stmt_contents : compound_stmt_contents . stmt  (30)

	IDENT  shift 46
	INTEGER  shift 47
	FLOATING  shift 48
	CHARACTER  shift 49
	STRING  shift 50
	INC  shift 51
	DEC  shift 52
	CONST  shift 2
	SIGNED  shift 3
	UNSIGNED  shift 4
	SHORT  shift 5
	LONG  shift 6
	VOID  shift 7
	INT  shift 8
	CHAR  shift 9
	FLOAT  shift 10
	DOUBLE  shift 11
	CHAR4  shift 12
	IF  shift 81
	SWITCH  shift 82
	DO  shift 83
	WHILE  shift 84
	FOR  shift 85
	RETURN  shift 86
	BREAK  shift 87
	CONTINUE  shift 88
	'+'  shift 53
	'-'  shift 54
	'*'  shift 55
	';'  shift 89
	'{'  shift 30
	'}'  shift 160
	'('  shift 56
	'&'  shift 58
	'~'  shift 59
	'!'  shift 60
	.  error

	unary_op  goto 61
	declaration  goto 161
	stmt  goto 162
	compound_stmt  goto 93
	expression_stmt  goto 94
	selection_stmt  goto 95
	iteration_stmt  goto 96
	jump_stmt  goto 97
	expression  goto 99
	assignment_expression  goto 63
	constant_expression  goto 64
	conditional_expression  goto 65
	logical_or_expression  goto 66
	logical_and_expression  goto 67
	inclusive_or_expression  goto 68
	exclusive_or_expression  goto 69
	and_expression  goto 70
	equality_expression  goto 71
	relational_expression  goto 72
	shift_expression  goto 73
	additive_expression  goto 74
	multiplicative_expression  goto 75
	cast_expression  goto 76
	unary_expression  goto 77
	unary_op_list  goto 78
	postfix_expression  goto 79
	primary_expression  goto 80
	type  goto 22
	type_list  goto 34


state 99
	expression_stmt : expression . ';'  (32)
	expression : expression . ',' assignment_expression  (85)

	';'  shift 163
	','  shift 121
	.  error


state 100
	declaration_list : declaration_list declaration .  (16)

	.  reduce 16


state 101
	function_definition : declarator declaration_list compound_stmt .  (15)

	.  reduce 15


state 102
	init_declarator : declarator .  (60)
	init_declarator : declarator . '=' initializer  (61)

	'='  shift 105
	';'  reduce 60
	','  reduce 60


state 103
	declaration : type_list init_declarator_list ';' .  (5)

	.  reduce 5


state 104
	init_declarator_list : init_declarator_list ',' . init_declarator  (58)

	IDENT  shift 1
	'*'  shift 13
	'('  shift 14
	.  error

	pointer  goto 16
	init_declarator  goto 164
	direct_declarator  goto 20
	declarator  goto 102


state 105
	init_declarator : declarator '=' . initializer  (61)

	IDENT  shift 46
	INTEGER  shift 47
	FLOATING  shift 48
	CHARACTER  shift 49
	STRING  shift 50
	INC  shift 51
	DEC  shift 52
	'+'  shift 53
	'-'  shift 54
	'*'  shift 55
	'{'  shift 165
	'('  shift 56
	'&'  shift 58
	'~'  shift 59
	'!'  shift 60
	.  error

	unary_op  goto 61
	initializer  goto 166
	assignment_expression  goto 167
	constant_expression  goto 64
	conditional_expression  goto 65
	logical_or_expression  goto 66
	logical_and_expression  goto 67
	inclusive_or_expression  goto 68
	exclusive_or_expression  goto 69
	and_expression  goto 70
	equality_expression  goto 71
	relational_expression  goto 72
	shift_expression  goto 73
	additive_expression  goto 74
	multiplicative_expression  goto 75
	cast_expression  goto 76
	unary_expression  goto 77
	unary_op_list  goto 78
	postfix_expression  goto 79
	primary_expression  goto 80


state 106
	function_definition : type_list declarator declaration_list . compound_stmt  (14)
	declaration_list : declaration_list . declaration  (16)

	CONST  shift 2
	SIGNED  shift 3
	UNSIGNED  shift 4
	SHORT  shift 5
	LONG  shift 6
	VOID  shift 7
	INT  shift 8
	CHAR  shift 9
	FLOAT  shift 10
	DOUBLE  shift 11
	CHAR4  shift 12
	'{'  shift 30
	.  error

	declaration  goto 100
	compound_stmt  goto 168
	type  goto 22
	type_list  goto 34


state 107
	function_definition : type_list declarator $$1 . compound_stmt  (12)

	'{'  shift 30
	.  error

	compound_stmt  goto 169


state 108
	direct_declarator : '(' . declarator ')'  (67)
	direct_abstract_declarator : '(' . abstract_declarator ')'  (154)
	direct_abstract_declarator : '(' . ')'  (159)
	direct_abstract_declarator : '(' . parameter_list ')'  (160)

	IDENT  shift 1
	CONST  shift 2
	SIGNED  shift 3
	UNSIGNED  shift 4
	SHORT  shift 5
	LONG  shift 6
	VOID  shift 7
	INT  shift 8
	CHAR  shift 9
	FLOAT  shift 10
	DOUBLE  shift 11
	CHAR4  shift 12
	'*'  shift 13
	'('  shift 108
	')'  shift 170
	'['  shift 109
	.  error

	pointer  goto 110
	direct_declarator  goto 20
	declarator  goto 25
	type  goto 22
	type_list  goto 41
	parameter_list  goto 171
	parameter_declaration  goto 44
	abstract_declarator  goto 172
	direct_abstract_declarator  goto 113


state 109
	direct_abstract_declarator : '[' . ']'  (155)
	direct_abstract_declarator : '[' . expression ']'  (156)

	IDENT  shift 46
	INTEGER  shift 47
	FLOATING  shift 48
	CHARACTER  shift 49
	STRING  shift 50
	INC  shift 51
	DEC  shift 52
	'+'  shift 53
	'-'  shift 54
	'*'  shift 55
	'('  shift 56
	']'  shift 173
	'&'  shift 58
	'~'  shift 59
	'!'  shift 60
	.  error

	unary_op  goto 61
	expression  goto 174
	assignment_expression  goto 63
	constant_expression  goto 64
	conditional_expression  goto 65
	logical_or_expression  goto 66
	logical_and_expression  goto 67
	inclusive_or_expression  goto 68
	exclusive_or_expression  goto 69
	and_expression  goto 70
	equality_expression  goto 71
	relational_expression  goto 72
	shift_expression  goto 73
	additive_expression  goto 74
	multiplicative_expression  goto 75
	cast_expression  goto 76
	unary_expression  goto 77
	unary_op_list  goto 78
	postfix_expression  goto 79
	primary_expression  goto 80


state 110
	direct_declarator : pointer . IDENT  (64)
	pointer : pointer . '*'  (79)
	abstract_declarator : pointer .  (151)
	abstract_declarator : pointer . direct_abstract_declarator  (153)

	IDENT  shift 27
	'*'  shift 28
	'('  shift 175
	'['  shift 109
	')'  reduce 151
	','  reduce 151

	direct_abstract_declarator  goto 176


state 111
	parameter_declaration : type_list declarator .  (73)

	.  reduce 73


state 112
	parameter_declaration : type_list abstract_declarator .  (74)

	.  reduce 74


state 113
	abstract_declarator : direct_abstract_declarator .  (152)
	direct_abstract_declarator : direct_abstract_declarator . '[' ']'  (157)
	direct_abstract_declarator : direct_abstract_declarator . '[' expression ']'  (158)
	direct_abstract_declarator : direct_abstract_declarator . '(' ')'  (161)
	direct_abstract_declarator : direct_abstract_declarator . '(' parameter_list ')'  (162)

	'('  shift 177
	'['  shift 178
	')'  reduce 152
	','  reduce 152


state 114
	direct_declarator : IDENT '(' parameter_list ')' .  (68)

	.  reduce 68


state 115
	parameter_list : parameter_list ',' . parameter_declaration  (72)

	CONST  shift 2
	SIGNED  shift 3
	UNSIGNED  shift 4
	SHORT  shift 5
	LONG  shift 6
	VOID  shift 7
	INT  shift 8
	CHAR  shift 9
	FLOAT  shift 10
	DOUBLE  shift 11
	CHAR4  shift 12
	.  error

	type  goto 22
	type_list  goto 41
	parameter_declaration  goto 179


state 116
	direct_declarator : IDENT '(' identifier_list ')' .  (69)

	.  reduce 69


state 117
	identifier_list : identifier_list ',' . IDENT  (77)

	IDENT  shift 180
	.  error


state 118
	expression : expression . ',' assignment_expression  (85)
	primary_expression : '(' expression . ')'  (138)

	')'  shift 181
	','  shift 121
	.  error


state 119
	type_list : type_list . type  (45)
	type_name : type_list .  (149)
	type_name : type_list . abstract_declarator  (150)

	CONST  shift 2
	SIGNED  shift 3
	UNSIGNED  shift 4
	SHORT  shift 5
	LONG  shift 6
	VOID  shift 7
	INT  shift 8
	CHAR  shift 9
	FLOAT  shift 10
	DOUBLE  shift 11
	CHAR4  shift 12
	'*'  shift 13
	'('  shift 175
	'['  shift 109
	')'  reduce 149

	pointer  goto 182
	type  goto 38
	abstract_declarator  goto 183
	direct_abstract_declarator  goto 113


state 120
	cast_expression : '(' type_name . ')' cast_expression  (121)

	')'  shift 184
	.  error


state 121
	expression : expression ',' . assignment_expression  (85)

	IDENT  shift 46
	INTEGER  shift 47
	FLOATING  shift 48
	CHARACTER  shift 49
	STRING  shift 50
	INC  shift 51
	DEC  shift 52
	'+'  shift 53
	'-'  shift 54
	'*'  shift 55
	'('  shift 56
	'&'  shift 58
	'~'  shift 59
	'!'  shift 60
	.  error

	unary_op  goto 61
	assignment_expression  goto 185
	constant_expression  goto 64
	conditional_expression  goto 65
	logical_or_expression  goto 66
	logical_and_expression  goto 67
	inclusive_or_expression  goto 68
	exclusive_or_expression  goto 69
	and_expression  goto 70
	equality_expression  goto 71
	relational_expression  goto 72
	shift_expression  goto 73
	additive_expression  goto 74
	multiplicative_expression  goto 75
	cast_expression  goto 76
	unary_expression  goto 77
	unary_op_list  goto 78
	postfix_expression  goto 79
	primary_expression  goto 80


state 122
	direct_declarator : direct_declarator '[' expression ']' .  (65)

	.  reduce 65


state 123
	logical_or_expression : logical_or_expression OR . logical_and_expression  (93)

	IDENT  shift 46
	INTEGER  shift 47
	FLOATING  shift 48
	CHARACTER  shift 49
	STRING  shift 50
	INC  shift 51
	DEC  shift 52
	'+'  shift 53
	'-'  shift 54
	'*'  shift 55
	'('  shift 56
	'&'  shift 58
	'~'  shift 59
	'!'  shift 60
	.  error

	unary_op  goto 61
	logical_and_expression  goto 186
	inclusive_or_expression  goto 68
	exclusive_or_expression  goto 69
	and_expression  goto 70
	equality_expression  goto 71
	relational_expression  goto 72
	shift_expression  goto 73
	additive_expression  goto 74
	multiplicative_expression  goto 75
	cast_expression  goto 187
	unary_expression  goto 77
	unary_op_list  goto 78
	postfix_expression  goto 79
	primary_expression  goto 80


state 124
	conditional_expression : logical_or_expression '?' . expression ':' conditional_expression  (91)

	IDENT  shift 46
	INTEGER  shift 47
	FLOATING  shift 48
	CHARACTER  shift 49
	STRING  shift 50
	INC  shift 51
	DEC  shift 52
	'+'  shift 53
	'-'  shift 54
	'*'  shift 55
	'('  shift 56
	'&'  shift 58
	'~'  shift 59
	'!'  shift 60
	.  error

	unary_op  goto 61
	expression  goto 188
	assignment_expression  goto 63
	constant_expression  goto 64
	conditional_expression  goto 65
	logical_or_expression  goto 66
	logical_and_expression  goto 67
	inclusive_or_expression  goto 68
	exclusive_or_expression  goto 69
	and_expression  goto 70
	equality_expression  goto 71
	relational_expression  goto 72
	shift_expression  goto 73
	additive_expression  goto 74
	multiplicative_expression  goto 75
	cast_expression  goto 76
	unary_expression  goto 77
	unary_op_list  goto 78
	postfix_expression  goto 79
	primary_expression  goto 80


state 125
	logical_and_expression : logical_and_expression AND . inclusive_or_expression  (95)

	IDENT  shift 46
	INTEGER  shift 47
	FLOATING  shift 48
	CHARACTER  shift 49
	STRING  shift 50
	INC  shift 51
	DEC  shift 52
	'+'  shift 53
	'-'  shift 54
	'*'  shift 55
	'('  shift 56
	'&'  shift 58
	'~'  shift 59
	'!'  shift 60
	.  error

	unary_op  goto 61
	inclusive_or_expression  goto 189
	exclusive_or_expression  goto 69
	and_expression  goto 70
	equality_expression  goto 71
	relational_expression  goto 72
	shift_expression  goto 73
	additive_expression  goto 74
	multiplicative_expression  goto 75
	cast_expression  goto 187
	unary_expression  goto 77
	unary_op_list  goto 78
	postfix_expression  goto 79
	primary_expression  goto 80


state 126
	inclusive_or_expression : inclusive_or_expression '|' . exclusive_or_expression  (97)

	IDENT  shift 46
	INTEGER  shift 47
	FLOATING  shift 48
	CHARACTER  shift 49
	STRING  shift 50
	INC  shift 51
	DEC  shift 52
	'+'  shift 53
	'-'  shift 54
	'*'  shift 55
	'('  shift 56
	'&'  shift 58
	'~'  shift 59
	'!'  shift 60
	.  error

	unary_op  goto 61
	exclusive_or_expression  goto 190
	and_expression  goto 70
	equality_expression  goto 71
	relational_expression  goto 72
	shift_expression  goto 73
	additive_expression  goto 74
	multiplicative_expression  goto 75
	cast_expression  goto 187
	unary_expression  goto 77
	unary_op_list  goto 78
	postfix_expression  goto 79
	primary_expression  goto 80


state 127
	exclusive_or_expression : exclusive_or_expression '^' . and_expression  (99)

	IDENT  shift 46
	INTEGER  shift 47
	FLOATING  shift 48
	CHARACTER  shift 49
	STRING  shift 50
	INC  shift 51
	DEC  shift 52
	'+'  shift 53
	'-'  shift 54
	'*'  shift 55
	'('  shift 56
	'&'  shift 58
	'~'  shift 59
	'!'  shift 60
	.  error

	unary_op  goto 61
	and_expression  goto 191
	equality_expression  goto 71
	relational_expression  goto 72
	shift_expression  goto 73
	additive_expression  goto 74
	multiplicative_expression  goto 75
	cast_expression  goto 187
	unary_expression  goto 77
	unary_op_list  goto 78
	postfix_expression  goto 79
	primary_expression  goto 80


state 128
	and_expression : and_expression '&' . equality_expression  (101)

	IDENT  shift 46
	INTEGER  shift 47
	FLOATING  shift 48
	CHARACTER  shift 49
	STRING  shift 50
	INC  shift 51
	DEC  shift 52
	'+'  shift 53
	'-'  shift 54
	'*'  shift 55
	'('  shift 56
	'&'  shift 58
	'~'  shift 59
	'!'  shift 60
	.  error

	unary_op  goto 61
	equality_expression  goto 192
	relational_expression  goto 72
	shift_expression  goto 73
	additive_expression  goto 74
	multiplicative_expression  goto 75
	cast_expression  goto 187
	unary_expression  goto 77
	unary_op_list  goto 78
	postfix_expression  goto 79
	primary_expression  goto 80


state 129
	equality_expression : equality_expression EQUALS . relational_expression  (103)

	IDENT  shift 46
	INTEGER  shift 47
	FLOATING  shift 48
	CHARACTER  shift 49
	STRING  shift 50
	INC  shift 51
	DEC  shift 52
	'+'  shift 53
	'-'  shift 54
	'*'  shift 55
	'('  shift 56
	'&'  shift 58
	'~'  shift 59
	'!'  shift 60
	.  error

	unary_op  goto 61
	relational_expression  goto 193
	shift_expression  goto 73
	additive_expression  goto 74
	multiplicative_expression  goto 75
	cast_expression  goto 187
	unary_expression  goto 77
	unary_op_list  goto 78
	postfix_expression  goto 79
	primary_expression  goto 80


state 130
	equality_expression : equality_expression NOT_EQUALS . relational_expression  (104)

	IDENT  shift 46
	INTEGER  shift 47
	FLOATING  shift 48
	CHARACTER  shift 49
	STRING  shift 50
	INC  shift 51
	DEC  shift 52
	'+'  shift 53
	'-'  shift 54
	'*'  shift 55
	'('  shift 56
	'&'  shift 58
	'~'  shift 59
	'!'  shift 60
	.  error

	unary_op  goto 61
	relational_expression  goto 194
	shift_expression  goto 73
	additive_expression  goto 74
	multiplicative_expression  goto 75
	cast_expression  goto 187
	unary_expression  goto 77
	unary_op_list  goto 78
	postfix_expression  goto 79
	primary_expression  goto 80


state 131
	relational_expression : relational_expression LESS_OR_EQUAL . shift_expression  (108)

	IDENT  shift 46
	INTEGER  shift 47
	FLOATING  shift 48
	CHARACTER  shift 49
	STRING  shift 50
	INC  shift 51
	DEC  shift 52
	'+'  shift 53
	'-'  shift 54
	'*'  shift 55
	'('  shift 56
	'&'  shift 58
	'~'  shift 59
	'!'  shift 60
	.  error

	unary_op  goto 61
	shift_expression  goto 195
	additive_expression  goto 74
	multiplicative_expression  goto 75
	cast_expression  goto 187
	unary_expression  goto 77
	unary_op_list  goto 78
	postfix_expression  goto 79
	primary_expression  goto 80


state 132
	relational_expression : relational_expression GREATER_OR_EQUAL . shift_expression  (109)

	IDENT  shift 46
	INTEGER  shift 47
	FLOATING  shift 48
	CHARACTER  shift 49
	STRING  shift 50
	INC  shift 51
	DEC  shift 52
	'+'  shift 53
	'-'  shift 54
	'*'  shift 55
	'('  shift 56
	'&'  shift 58
	'~'  shift 59
	'!'  shift 60
	.  error

	unary_op  goto 61
	shift_expression  goto 196
	additive_expression  goto 74
	multiplicative_expression  goto 75
	cast_expression  goto 187
	unary_expression  goto 77
	unary_op_list  goto 78
	postfix_expression  goto 79
	primary_expression  goto 80


state 133
	relational_expression : relational_expression '<' . shift_expression  (106)

	IDENT  shift 46
	INTEGER  shift 47
	FLOATING  shift 48
	CHARACTER  shift 49
	STRING  shift 50
	INC  shift 51
	DEC  shift 52
	'+'  shift 53
	'-'  shift 54
	'*'  shift 55
	'('  shift 56
	'&'  shift 58
	'~'  shift 59
	'!'  shift 60
	.  error

	unary_op  goto 61
	shift_expression  goto 197
	additive_expression  goto 74
	multiplicative_expression  goto 75
	cast_expression  goto 187
	unary_expression  goto 77
	unary_op_list  goto 78
	postfix_expression  goto 79
	primary_expression  goto 80


state 134
	relational_expression : relational_expression '>' . shift_expression  (107)

	IDENT  shift 46
	INTEGER  shift 47
	FLOATING  shift 48
	CHARACTER  shift 49
	STRING  shift 50
	INC  shift 51
	DEC  shift 52
	'+'  shift 53
	'-'  shift 54
	'*'  shift 55
	'('  shift 56
	'&'  shift 58
	'~'  shift 59
	'!'  shift 60
	.  error

	unary_op  goto 61
	shift_expression  goto 198
	additive_expression  goto 74
	multiplicative_expression  goto 75
	cast_expression  goto 187
	unary_expression  goto 77
	unary_op_list  goto 78
	postfix_expression  goto 79
	primary_expression  goto 80


state 135
	shift_expression : shift_expression LEFT_SHIFT . additive_expression  (111)

	IDENT  shift 46
	INTEGER  shift 47
	FLOATING  shift 48
	CHARACTER  shift 49
	STRING  shift 50
	INC  shift 51
	DEC  shift 52
	'+'  shift 53
	'-'  shift 54
	'*'  shift 55
	'('  shift 56
	'&'  shift 58
	'~'  shift 59
	'!'  shift 60
	.  error

	unary_op  goto 61
	additive_expression  goto 199
	multiplicative_expression  goto 75
	cast_expression  goto 187
	unary_expression  goto 77
	unary_op_list  goto 78
	postfix_expression  goto 79
	primary_expression  goto 80


state 136
	shift_expression : shift_expression RIGHT_SHIFT . additive_expression  (112)

	IDENT  shift 46
	INTEGER  shift 47
	FLOATING  shift 48
	CHARACTER  shift 49
	STRING  shift 50
	INC  shift 51
	DEC  shift 52
	'+'  shift 53
	'-'  shift 54
	'*'  shift 55
	'('  shift 56
	'&'  shift 58
	'~'  shift 59
	'!'  shift 60
	.  error

	unary_op  goto 61
	additive_expression  goto 200
	multiplicative_expression  goto 75
	cast_expression  goto 187
	unary_expression  goto 77
	unary_op_list  goto 78
	postfix_expression  goto 79
	primary_expression  goto 80


state 137
	additive_expression : additive_expression '+' . multiplicative_expression  (114)

	IDENT  shift 46
	INTEGER  shift 47
	FLOATING  shift 48
	CHARACTER  shift 49
	STRING  shift 50
	INC  shift 51
	DEC  shift 52
	'+'  shift 53
	'-'  shift 54
	'*'  shift 55
	'('  shift 56
	'&'  shift 58
	'~'  shift 59
	'!'  shift 60
	.  error

	unary_op  goto 61
	multiplicative_expression  goto 201
	cast_expression  goto 187
	unary_expression  goto 77
	unary_op_list  goto 78
	postfix_expression  goto 79
	primary_expression  goto 80


state 138
	additive_expression : additive_expression '-' . multiplicative_expression  (115)

	IDENT  shift 46
	INTEGER  shift 47
	FLOATING  shift 48
	CHARACTER  shift 49
	STRING  shift 50
	INC  shift 51
	DEC  shift 52
	'+'  shift 53
	'-'  shift 54
	'*'  shift 55
	'('  shift 56
	'&'  shift 58
	'~'  shift 59
	'!'  shift 60
	.  error

	unary_op  goto 61
	multiplicative_expression  goto 202
	cast_expression  goto 187
	unary_expression  goto 77
	unary_op_list  goto 78
	postfix_expression  goto 79
	primary_expression  goto 80


state 139
	multiplicative_expression : multiplicative_expression '*' . cast_expression  (117)

	IDENT  shift 46
	INTEGER  shift 47
	FLOATING  shift 48
	CHARACTER  shift 49
	STRING  shift 50
	INC  shift 51
	DEC  shift 52
	'+'  shift 53
	'-'  shift 54
	'*'  shift 55
	'('  shift 56
	'&'  shift 58
	'~'  shift 59
	'!'  shift 60
	.  error

	unary_op  goto 61
	cast_expression  goto 203
	unary_expression  goto 77
	unary_op_list  goto 78
	postfix_expression  goto 79
	primary_expression  goto 80


state 140
	multiplicative_expression : multiplicative_expression '/' . cast_expression  (118)

	IDENT  shift 46
	INTEGER  shift 47
	FLOATING  shift 48
	CHARACTER  shift 49
	STRING  shift 50
	INC  shift 51
	DEC  shift 52
	'+'  shift 53
	'-'  shift 54
	'*'  shift 55
	'('  shift 56
	'&'  shift 58
	'~'  shift 59
	'!'  shift 60
	.  error

	unary_op  goto 61
	cast_expression  goto 204
	unary_expression  goto 77
	unary_op_list  goto 78
	postfix_expression  goto 79
	primary_expression  goto 80


state 141
	multiplicative_expression : multiplicative_expression '%' . cast_expression  (119)

	IDENT  shift 46
	INTEGER  shift 47
	FLOATING  shift 48
	CHARACTER  shift 49
	STRING  shift 50
	INC  shift 51
	DEC  shift 52
	'+'  shift 53
	'-'  shift 54
	'*'  shift 55
	'('  shift 56
	'&'  shift 58
	'~'  shift 59
	'!'  shift 60
	.  error

	unary_op  goto 61
	cast_expression  goto 205
	unary_expression  goto 77
	unary_op_list  goto 78
	postfix_expression  goto 79
	primary_expression  goto 80


state 142
	assignment_op : '=' .  (88)

	.  reduce 88


state 143
	assignment_expression : cast_expression assignment_op . assignment_expression  (87)

	IDENT  shift 46
	INTEGER  shift 47
	FLOATING  shift 48
	CHARACTER  shift 49
	STRING  shift 50
	INC  shift 51
	DEC  shift 52
	'+'  shift 53
	'-'  shift 54
	'*'  shift 55
	'('  shift 56
	'&'  shift 58
	'~'  shift 59
	'!'  shift 60
	.  error

	unary_op  goto 61
	assignment_expression  goto 206
	constant_expression  goto 64
	conditional_expression  goto 65
	logical_or_expression  goto 66
	logical_and_expression  goto 67
	inclusive_or_expression  goto 68
	exclusive_or_expression  goto 69
	and_expression  goto 70
	equality_expression  goto 71
	relational_expression  goto 72
	shift_expression  goto 73
	additive_expression  goto 74
	multiplicative_expression  goto 75
	cast_expression  goto 76
	unary_expression  goto 77
	unary_op_list  goto 78
	postfix_expression  goto 79
	primary_expression  goto 80


state 144
	primary_expression : '(' . expression ')'  (138)

	IDENT  shift 46
	INTEGER  shift 47
	FLOATING  shift 48
	CHARACTER  shift 49
	STRING  shift 50
	INC  shift 51
	DEC  shift 52
	'+'  shift 53
	'-'  shift 54
	'*'  shift 55
	'('  shift 56
	'&'  shift 58
	'~'  shift 59
	'!'  shift 60
	.  error

	unary_op  goto 61
	expression  goto 118
	assignment_expression  goto 63
	constant_expression  goto 64
	conditional_expression  goto 65
	logical_or_expression  goto 66
	logical_and_expression  goto 67
	inclusive_or_expression  goto 68
	exclusive_or_expression  goto 69
	and_expression  goto 70
	equality_expression  goto 71
	relational_expression  goto 72
	shift_expression  goto 73
	additive_expression  goto 74
	multiplicative_expression  goto 75
	cast_expression  goto 76
	unary_expression  goto 77
	unary_op_list  goto 78
	postfix_expression  goto 79
	primary_expression  goto 80


state 145
	unary_op_list : unary_op_list unary_op .  (139)

	.  reduce 139


state 146
	unary_expression : unary_op_list postfix_expression .  (123)
	postfix_expression : postfix_expression . '(' ')'  (125)
	postfix_expression : postfix_expression . '(' argument_expression_list ')'  (126)
	postfix_expression : postfix_expression . INC  (127)
	postfix_expression : postfix_expression . DEC  (128)

	INC  shift 147
	DEC  shift 148
	'('  shift 149
	LEFT_SHIFT  reduce 123
	RIGHT_SHIFT  reduce 123
	LESS_OR_EQUAL  reduce 123
	GREATER_OR_EQUAL  reduce 123
	EQUALS  reduce 123
	NOT_EQUALS  reduce 123
	AND  reduce 123
	OR  reduce 123
	'='  reduce 123
	'+'  reduce 123
	'-'  reduce 123
	'*'  reduce 123
	'/'  reduce 123
	'%'  reduce 123
	';'  reduce 123
	'}'  reduce 123
	':'  reduce 123
	')'  reduce 123
	','  reduce 123
	']'  reduce 123
	'?'  reduce 123
	'|'  reduce 123
	'^'  reduce 123
	'&'  reduce 123
	'<'  reduce 123
	'>'  reduce 123


state 147
	postfix_expression : postfix_expression INC .  (127)

	.  reduce 127


state 148
	postfix_expression : postfix_expression DEC .  (128)

	.  reduce 128


state 149
	postfix_expression : postfix_expression '(' . ')'  (125)
	postfix_expression : postfix_expression '(' . argument_expression_list ')'  (126)

	IDENT  shift 46
	INTEGER  shift 47
	FLOATING  shift 48
	CHARACTER  shift 49
	STRING  shift 50
	INC  shift 51
	DEC  shift 52
	'+'  shift 53
	'-'  shift 54
	'*'  shift 55
	'('  shift 56
	')'  shift 207
	'&'  shift 58
	'~'  shift 59
	'!'  shift 60
	.  error

	unary_op  goto 61
	assignment_expression  goto 208
	constant_expression  goto 64
	conditional_expression  goto 65
	logical_or_expression  goto 66
	logical_and_expression  goto 67
	inclusive_or_expression  goto 68
	exclusive_or_expression  goto 69
	and_expression  goto 70
	equality_expression  goto 71
	relational_expression  goto 72
	shift_expression  goto 73
	additive_expression  goto 74
	multiplicative_expression  goto 75
	cast_expression  goto 76
	unary_expression  goto 77
	unary_op_list  goto 78
	postfix_expression  goto 79
	argument_expression_list  goto 209
	argument_expression  goto 210
	primary_expression  goto 80


state 150
	primary_expression : primary_expression '[' . expression ']'  (133)

	IDENT  shift 46
	INTEGER  shift 47
	FLOATING  shift 48
	CHARACTER  shift 49
	STRING  shift 50
	INC  shift 51
	DEC  shift 52
	'+'  shift 53
	'-'  shift 54
	'*'  shift 55
	'('  shift 56
	'&'  shift 58
	'~'  shift 59
	'!'  shift 60
	.  error

	unary_op  goto 61
	expression  goto 211
	assignment_expression  goto 63
	constant_expression  goto 64
	conditional_expression  goto 65
	logical_or_expression  goto 66
	logical_and_expression  goto 67
	inclusive_or_expression  goto 68
	exclusive_or_expression  goto 69
	and_expression  goto 70
	equality_expression  goto 71
	relational_expression  goto 72
	shift_expression  goto 73
	additive_expression  goto 74
	multiplicative_expression  goto 75
	cast_expression  goto 76
	unary_expression  goto 77
	unary_op_list  goto 78
	postfix_expression  goto 79
	primary_expression  goto 80


state 151
	selection_stmt : IF '(' . expression ')' compound_stmt  (33)
	selection_stmt : IF '(' . expression ')' compound_stmt ELSE compound_stmt  (34)

	IDENT  shift 46
	INTEGER  shift 47
	FLOATING  shift 48
	CHARACTER  shift 49
	STRING  shift 50
	INC  shift 51
	DEC  shift 52
	'+'  shift 53
	'-'  shift 54
	'*'  shift 55
	'('  shift 56
	'&'  shift 58
	'~'  shift 59
	'!'  shift 60
	.  error

	unary_op  goto 61
	expression  goto 212
	assignment_expression  goto 63
	constant_expression  goto 64
	conditional_expression  goto 65
	logical_or_expression  goto 66
	logical_and_expression  goto 67
	inclusive_or_expression  goto 68
	exclusive_or_expression  goto 69
	and_expression  goto 70
	equality_expression  goto 71
	relational_expression  goto 72
	shift_expression  goto 73
	additive_expression  goto 74
	multiplicative_expression  goto 75
	cast_expression  goto 76
	unary_expression  goto 77
	unary_op_list  goto 78
	postfix_expression  goto 79
	primary_expression  goto 80


state 152
	selection_stmt : SWITCH '(' . expression ')' switch_clauses  (35)

	IDENT  shift 46
	INTEGER  shift 47
	FLOATING  shift 48
	CHARACTER  shift 49
	STRING  shift 50
	INC  shift 51
	DEC  shift 52
	'+'  shift 53
	'-'  shift 54
	'*'  shift 55
	'('  shift 56
	'&'  shift 58
	'~'  shift 59
	'!'  shift 60
	.  error

	unary_op  goto 61
	expression  goto 213
	assignment_expression  goto 63
	constant_expression  goto 64
	conditional_expression  goto 65
	logical_or_expression  goto 66
	logical_and_expression  goto 67
	inclusive_or_expression  goto 68
	exclusive_or_expression  goto 69
	and_expression  goto 70
	equality_expression  goto 71
	relational_expression  goto 72
	shift_expression  goto 73
	additive_expression  goto 74
	multiplicative_expression  goto 75
	cast_expression  goto 76
	unary_expression  goto 77
	unary_op_list  goto 78
	postfix_expression  goto 79
	primary_expression  goto 80


state 153
	iteration_stmt : DO stmt . WHILE '(' expression ')' ';'  (39)

	WHILE  shift 214
	.  error


state 154
	iteration_stmt : WHILE '(' . expression ')' stmt  (38)

	IDENT  shift 46
	INTEGER  shift 47
	FLOATING  shift 48
	CHARACTER  shift 49
	STRING  shift 50
	INC  shift 51
	DEC  shift 52
	'+'  shift 53
	'-'  shift 54
	'*'  shift 55
	'('  shift 56
	'&'  shift 58
	'~'  shift 59
	'!'  shift 60
	.  error

	unary_op  goto 61
	expression  goto 215
	assignment_expression  goto 63
	constant_expression  goto 64
	conditional_expression  goto 65
	logical_or_expression  goto 66
	logical_and_expression  goto 67
	inclusive_or_expression  goto 68
	exclusive_or_expression  goto 69
	and_expression  goto 70
	equality_expression  goto 71
	relational_expression  goto 72
	shift_expression  goto 73
	additive_expression  goto 74
	multiplicative_expression  goto 75
	cast_expression  goto 76
	unary_expression  goto 77
	unary_op_list  goto 78
	postfix_expression  goto 79
	primary_expression  goto 80


state 155
	iteration_stmt : FOR '(' . expression_in_for ';' expression_in_for ';' expression_in_for ')' stmt  (40)
	expression_in_for : .  (37)

	IDENT  shift 46
	INTEGER  shift 47
	FLOATING  shift 48
	CHARACTER  shift 49
	STRING  shift 50
	INC  shift 51
	DEC  shift 52
	'+'  shift 53
	'-'  shift 54
	'*'  shift 55
	'('  shift 56
	'&'  shift 58
	'~'  shift 59
	'!'  shift 60
	';'  reduce 37

	unary_op  goto 61
	expression  goto 216
	expression_in_for  goto 217
	assignment_expression  goto 63
	constant_expression  goto 64
	conditional_expression  goto 65
	logical_or_expression  goto 66
	logical_and_expression  goto 67
	inclusive_or_expression  goto 68
	exclusive_or_expression  goto 69
	and_expression  goto 70
	equality_expression  goto 71
	relational_expression  goto 72
	shift_expression  goto 73
	additive_expression  goto 74
	multiplicative_expression  goto 75
	cast_expression  goto 76
	unary_expression  goto 77
	unary_op_list  goto 78
	postfix_expression  goto 79
	primary_expression  goto 80


state 156
	jump_stmt : RETURN ';' .  (43)

	.  reduce 43


state 157
	jump_stmt : RETURN expression . ';'  (44)
	expression : expression . ',' assignment_expression  (85)

	';'  shift 218
	','  shift 121
	.  error


state 158
	jump_stmt : BREAK ';' .  (42)

	.  reduce 42


state 159
	jump_stmt : CONTINUE ';' .  (41)

	.  reduce 41


state 160
	compound_stmt : '{' compound_stmt_contents '}' .  (26)

	.  reduce 26


state 161
	compound_stmt_contents : compound_stmt_contents declaration .  (29)

	.  reduce 29


state 162
	compound_stmt_contents : compound_stmt_contents stmt .  (30)

	.  reduce 30


state 163
	expression_stmt : expression ';' .  (32)

	.  reduce 32


state 164
	init_declarator_list : init_declarator_list ',' init_declarator .  (58)

	.  reduce 58


state 165
	initializer : '{' . initializer_list '}'  (81)

	IDENT  shift 46
	INTEGER  shift 47
	FLOATING  shift 48
	CHARACTER  shift 49
	STRING  shift 50
	INC  shift 51
	DEC  shift 52
	'+'  shift 53
	'-'  shift 54
	'*'  shift 55
	'{'  shift 165
	'('  shift 56
	'&'  shift 58
	'~'  shift 59
	'!'  shift 60
	.  error

	unary_op  goto 61
	initializer_list  goto 219
	initializer  goto 220
	assignment_expression  goto 167
	constant_expression  goto 64
	conditional_expression  goto 65
	logical_or_expression  goto 66
	logical_and_expression  goto 67
	inclusive_or_expression  goto 68
	exclusive_or_expression  goto 69
	and_expression  goto 70
	equality_expression  goto 71
	relational_expression  goto 72
	shift_expression  goto 73
	additive_expression  goto 74
	multiplicative_expression  goto 75
	cast_expression  goto 76
	unary_expression  goto 77
	unary_op_list  goto 78
	postfix_expression  goto 79
	primary_expression  goto 80


state 166
	init_declarator : declarator '=' initializer .  (61)

	.  reduce 61


state 167
	initializer : assignment_expression .  (80)

	.  reduce 80


state 168
	function_definition : type_list declarator declaration_list compound_stmt .  (14)

	.  reduce 14


state 169
	function_definition : type_list declarator $$1 compound_stmt .  (12)

	.  reduce 12


state 170
	direct_abstract_declarator : '(' ')' .  (159)

	.  reduce 159


state 171
	parameter_list : parameter_list . ',' parameter_declaration  (72)
	direct_abstract_declarator : '(' parameter_list . ')'  (160)

	')'  shift 221
	','  shift 115
	.  error


state 172
	direct_abstract_declarator : '(' abstract_declarator . ')'  (154)

	')'  shift 222
	.  error


state 173
	direct_abstract_declarator : '[' ']' .  (155)

	.  reduce 155


state 174
	expression : expression . ',' assignment_expression  (85)
	direct_abstract_declarator : '[' expression . ']'  (156)

	','  shift 121
	']'  shift 223
	.  error


state 175
	direct_abstract_declarator : '(' . abstract_declarator ')'  (154)
	direct_abstract_declarator : '(' . ')'  (159)
	direct_abstract_declarator : '(' . parameter_list ')'  (160)

	CONST  shift 2
	SIGNED  shift 3
	UNSIGNED  shift 4
	SHORT  shift 5
	LONG  shift 6
	VOID  shift 7
	INT  shift 8
	CHAR  shift 9
	FLOAT  shift 10
	DOUBLE  shift 11
	CHAR4  shift 12
	'*'  shift 13
	'('  shift 175
	')'  shift 170
	'['  shift 109
	.  error

	pointer  goto 182
	type  goto 22
	type_list  goto 41
	parameter_list  goto 171
	parameter_declaration  goto 44
	abstract_declarator  goto 172
	direct_abstract_declarator  goto 113


state 176
	abstract_declarator : pointer direct_abstract_declarator .  (153)
	direct_abstract_declarator : direct_abstract_declarator . '[' ']'  (157)
	direct_abstract_declarator : direct_abstract_declarator . '[' expression ']'  (158)
	direct_abstract_declarator : direct_abstract_declarator . '(' ')'  (161)
	direct_abstract_declarator : direct_abstract_declarator . '(' parameter_list ')'  (162)

	'('  shift 177
	'['  shift 178
	')'  reduce 153
	','  reduce 153


state 177
	direct_abstract_declarator : direct_abstract_declarator '(' . ')'  (161)
	direct_abstract_declarator : direct_abstract_declarator '(' . parameter_list ')'  (162)

	CONST  shift 2
	SIGNED  shift 3
	UNSIGNED  shift 4
	SHORT  shift 5
	LONG  shift 6
	VOID  shift 7
	INT  shift 8
	CHAR  shift 9
	FLOAT  shift 10
	DOUBLE  shift 11
	CHAR4  shift 12
	')'  shift 224
	.  error

	type  goto 22
	type_list  goto 41
	parameter_list  goto 225
	parameter_declaration  goto 44


state 178
	direct_abstract_declarator : direct_abstract_declarator '[' . ']'  (157)
	direct_abstract_declarator : direct_abstract_declarator '[' . expression ']'  (158)

	IDENT  shift 46
	INTEGER  shift 47
	FLOATING  shift 48
	CHARACTER  shift 49
	STRING  shift 50
	INC  shift 51
	DEC  shift 52
	'+'  shift 53
	'-'  shift 54
	'*'  shift 55
	'('  shift 56
	']'  shift 226
	'&'  shift 58
	'~'  shift 59
	'!'  shift 60
	.  error

	unary_op  goto 61
	expression  goto 227
	assignment_expression  goto 63
	constant_expression  goto 64
	conditional_expression  goto 65
	logical_or_expression  goto 66
	logical_and_expression  goto 67
	inclusive_or_expression  goto 68
	exclusive_or_expression  goto 69
	and_expression  goto 70
	equality_expression  goto 71
	relational_expression  goto 72
	shift_expression  goto 73
	additive_expression  goto 74
	multiplicative_expression  goto 75
	cast_expression  goto 76
	unary_expression  goto 77
	unary_op_list  goto 78
	postfix_expression  goto 79
	primary_expression  goto 80


state 179
	parameter_list : parameter_list ',' parameter_declaration .  (72)

	.  reduce 72


state 180
	identifier_list : identifier_list ',' IDENT .  (77)

	.  reduce 77


state 181
	primary_expression : '(' expression ')' .  (138)

	.  reduce 138


state 182
	pointer : pointer . '*'  (79)
	abstract_declarator : pointer .  (151)
	abstract_declarator : pointer . direct_abstract_declarator  (153)

	'*'  shift 28
	'('  shift 175
	'['  shift 109
	')'  reduce 151

	direct_abstract_declarator  goto 176


state 183
	type_name : type_list abstract_declarator .  (150)

	.  reduce 150


state 184
	cast_expression : '(' type_name ')' . cast_expression  (121)

	IDENT  shift 46
	INTEGER  shift 47
	FLOATING  shift 48
	CHARACTER  shift 49
	STRING  shift 50
	INC  shift 51
	DEC  shift 52
	'+'  shift 53
	'-'  shift 54
	'*'  shift 55
	'('  shift 56
	'&'  shift 58
	'~'  shift 59
	'!'  shift 60
	.  error

	unary_op  goto 61
	cast_expression  goto 228
	unary_expression  goto 77
	unary_op_list  goto 78
	postfix_expression  goto 79
	primary_expression  goto 80


state 185
	expression : expression ',' assignment_expression .  (85)

	.  reduce 85


state 186
	logical_or_expression : logical_or_expression OR logical_and_expression .  (93)
	logical_and_expression : logical_and_expression . AND inclusive_or_expression  (95)

	AND  shift 125
	OR  reduce 93
	';'  reduce 93
	'}'  reduce 93
	':'  reduce 93
	')'  reduce 93
	','  reduce 93
	']'  reduce 93
	'?'  reduce 93


state 187
	multiplicative_expression : cast_expression .  (116)

	.  reduce 116


state 188
	expression : expression . ',' assignment_expression  (85)
	conditional_expression : logical_or_expression '?' expression . ':' conditional_expression  (91)

	':'  shift 229
	','  shift 121
	.  error


state 189
	logical_and_expression : logical_and_expression AND inclusive_or_expression .  (95)
	inclusive_or_expression : inclusive_or_expression . '|' exclusive_or_expression  (97)

	'|'  shift 126
	AND  reduce 95
	OR  reduce 95
	';'  reduce 95
	'}'  reduce 95
	':'  reduce 95
	')'  reduce 95
	','  reduce 95
	']'  reduce 95
	'?'  reduce 95


state 190
	inclusive_or_expression : inclusive_or_expression '|' exclusive_or_expression .  (97)
	exclusive_or_expression : exclusive_or_expression . '^' and_expression  (99)

	'^'  shift 127
	AND  reduce 97
	OR  reduce 97
	';'  reduce 97
	'}'  reduce 97
	':'  reduce 97
	')'  reduce 97
	','  reduce 97
	']'  reduce 97
	'?'  reduce 97
	'|'  reduce 97


state 191
	exclusive_or_expression : exclusive_or_expression '^' and_expression .  (99)
	and_expression : and_expression . '&' equality_expression  (101)

	'&'  shift 128
	AND  reduce 99
	OR  reduce 99
	';'  reduce 99
	'}'  reduce 99
	':'  reduce 99
	')'  reduce 99
	','  reduce 99
	']'  reduce 99
	'?'  reduce 99
	'|'  reduce 99
	'^'  reduce 99


state 192
	and_expression : and_expression '&' equality_expression .  (101)
	equality_expression : equality_expression . EQUALS relational_expression  (103)
	equality_expression : equality_expression . NOT_EQUALS relational_expression  (104)

	EQUALS  shift 129
	NOT_EQUALS  shift 130
	AND  reduce 101
	OR  reduce 101
	';'  reduce 101
	'}'  reduce 101
	':'  reduce 101
	')'  reduce 101
	','  reduce 101
	']'  reduce 101
	'?'  reduce 101
	'|'  reduce 101
	'^'  reduce 101
	'&'  reduce 101


state 193
	equality_expression : equality_expression EQUALS relational_expression .  (103)
	relational_expression : relational_expression . '<' shift_expression  (106)
	relational_expression : relational_expression . '>' shift_expression  (107)
	relational_expression : relational_expression . LESS_OR_EQUAL shift_expression  (108)
	relational_expression : relational_expression . GREATER_OR_EQUAL shift_expression  (109)

	LESS_OR_EQUAL  shift 131
	GREATER_OR_EQUAL  shift 132
	'<'  shift 133
	'>'  shift 134
	EQUALS  reduce 103
	NOT_EQUALS  reduce 103
	AND  reduce 103
	OR  reduce 103
	';'  reduce 103
	'}'  reduce 103
	':'  reduce 103
	')'  reduce 103
	','  reduce 103
	']'  reduce 103
	'?'  reduce 103
	'|'  reduce 103
	'^'  reduce 103
	'&'  reduce 103


state 194
	equality_expression : equality_expression NOT_EQUALS relational_expression .  (104)
	relational_expression : relational_expression . '<' shift_expression  (106)
	relational_expression : relational_expression . '>' shift_expression  (107)
	relational_expression : relational_expression . LESS_OR_EQUAL shift_expression  (108)
	relational_expression : relational_expression . GREATER_OR_EQUAL shift_expression  (109)

	LESS_OR_EQUAL  shift 131
	GREATER_OR_EQUAL  shift 132
	'<'  shift 133
	'>'  shift 134
	EQUALS  reduce 104
	NOT_EQUALS  reduce 104
	AND  reduce 104
	OR  reduce 104
	';'  reduce 104
	'}'  reduce 104
	':'  reduce 104
	')'  reduce 104
	','  reduce 104
	']'  reduce 104
	'?'  reduce 104
	'|'  reduce 104
	'^'  reduce 104
	'&'  reduce 104


state 195
	relational_expression : relational_expression LESS_OR_EQUAL shift_expression .  (108)
	shift_expression : shift_expression . LEFT_SHIFT additive_expression  (111)
	shift_expression : shift_expression . RIGHT_SHIFT additive_expression  (112)

	LEFT_SHIFT  shift 135
	RIGHT_SHIFT  shift 136
	LESS_OR_EQUAL  reduce 108
	GREATER_OR_EQUAL  reduce 108
	EQUALS  reduce 108
	NOT_EQUALS  reduce 108
	AND  reduce 108
	OR  reduce 108
	';'  reduce 108
	'}'  reduce 108
	':'  reduce 108
	')'  reduce 108
	','  reduce 108
	']'  reduce 108
	'?'  reduce 108
	'|'  reduce 108
	'^'  reduce 108
	'&'  reduce 108
	'<'  reduce 108
	'>'  reduce 108


state 196
	relational_expression : relational_expression GREATER_OR_EQUAL shift_expression .  (109)
	shift_expression : shift_expression . LEFT_SHIFT additive_expression  (111)
	shift_expression : shift_expression . RIGHT_SHIFT additive_expression  (112)

	LEFT_SHIFT  shift 135
	RIGHT_SHIFT  shift 136
	LESS_OR_EQUAL  reduce 109
	GREATER_OR_EQUAL  reduce 109
	EQUALS  reduce 109
	NOT_EQUALS  reduce 109
	AND  reduce 109
	OR  reduce 109
	';'  reduce 109
	'}'  reduce 109
	':'  reduce 109
	')'  reduce 109
	','  reduce 109
	']'  reduce 109
	'?'  reduce 109
	'|'  reduce 109
	'^'  reduce 109
	'&'  reduce 109
	'<'  reduce 109
	'>'  reduce 109


state 197
	relational_expression : relational_expression '<' shift_expression .  (106)
	shift_expression : shift_expression . LEFT_SHIFT additive_expression  (111)
	shift_expression : shift_expression . RIGHT_SHIFT additive_expression  (112)

	LEFT_SHIFT  shift 135
	RIGHT_SHIFT  shift 136
	LESS_OR_EQUAL  reduce 106
	GREATER_OR_EQUAL  reduce 106
	EQUALS  reduce 106
	NOT_EQUALS  reduce 106
	AND  reduce 106
	OR  reduce 106
	';'  reduce 106
	'}'  reduce 106
	':'  reduce 106
	')'  reduce 106
	','  reduce 106
	']'  reduce 106
	'?'  reduce 106
	'|'  reduce 106
	'^'  reduce 106
	'&'  reduce 106
	'<'  reduce 106
	'>'  reduce 106


state 198
	relational_expression : relational_expression '>' shift_expression .  (107)
	shift_expression : shift_expression . LEFT_SHIFT additive_expression  (111)
	shift_expression : shift_expression . RIGHT_SHIFT additive_expression  (112)

	LEFT_SHIFT  shift 135
	RIGHT_SHIFT  shift 136
	LESS_OR_EQUAL  reduce 107
	GREATER_OR_EQUAL  reduce 107
	EQUALS  reduce 107
	NOT_EQUALS  reduce 107
	AND  reduce 107
	OR  reduce 107
	';'  reduce 107
	'}'  reduce 107
	':'  reduce 107
	')'  reduce 107
	','  reduce 107
	']'  reduce 107
	'?'  reduce 107
	'|'  reduce 107
	'^'  reduce 107
	'&'  reduce 107
	'<'  reduce 107
	'>'  reduce 107


state 199
	shift_expression : shift_expression LEFT_SHIFT additive_expression .  (111)
	additive_expression : additive_expression . '+' multiplicative_expression  (114)
	additive_expression : additive_expression . '-' multiplicative_expression  (115)

	'+'  shift 137
	'-'  shift 138
	LEFT_SHIFT  reduce 111
	RIGHT_SHIFT  reduce 111
	LESS_OR_EQUAL  reduce 111
	GREATER_OR_EQUAL  reduce 111
	EQUALS  reduce 111
	NOT_EQUALS  reduce 111
	AND  reduce 111
	OR  reduce 111
	';'  reduce 111
	'}'  reduce 111
	':'  reduce 111
	')'  reduce 111
	','  reduce 111
	']'  reduce 111
	'?'  reduce 111
	'|'  reduce 111
	'^'  reduce 111
	'&'  reduce 111
	'<'  reduce 111
	'>'  reduce 111


state 200
	shift_expression : shift_expression RIGHT_SHIFT additive_expression .  (112)
	additive_expression : additive_expression . '+' multiplicative_expression  (114)
	additive_expression : additive_expression . '-' multiplicative_expression  (115)

	'+'  shift 137
	'-'  shift 138
	LEFT_SHIFT  reduce 112
	RIGHT_SHIFT  reduce 112
	LESS_OR_EQUAL  reduce 112
	GREATER_OR_EQUAL  reduce 112
	EQUALS  reduce 112
	NOT_EQUALS  reduce 112
	AND  reduce 112
	OR  reduce 112
	';'  reduce 112
	'}'  reduce 112
	':'  reduce 112
	')'  reduce 112
	','  reduce 112
	']'  reduce 112
	'?'  reduce 112
	'|'  reduce 112
	'^'  reduce 112
	'&'  reduce 112
	'<'  reduce 112
	'>'  reduce 112


state 201
	additive_expression : additive_expression '+' multiplicative_expression .  (114)
	multiplicative_expression : multiplicative_expression . '*' cast_expression  (117)
	multiplicative_expression : multiplicative_expression . '/' cast_expression  (118)
	multiplicative_expression : multiplicative_expression . '%' cast_expression  (119)

	'*'  shift 139
	'/'  shift 140
	'%'  shift 141
	LEFT_SHIFT  reduce 114
	RIGHT_SHIFT  reduce 114
	LESS_OR_EQUAL  reduce 114
	GREATER_OR_EQUAL  reduce 114
	EQUALS  reduce 114
	NOT_EQUALS  reduce 114
	AND  reduce 114
	OR  reduce 114
	'+'  reduce 114
	'-'  reduce 114
	';'  reduce 114
	'}'  reduce 114
	':'  reduce 114
	')'  reduce 114
	','  reduce 114
	']'  reduce 114
	'?'  reduce 114
	'|'  reduce 114
	'^'  reduce 114
	'&'  reduce 114
	'<'  reduce 114
	'>'  reduce 114


state 202
	additive_expression : additive_expression '-' multiplicative_expression .  (115)
	multiplicative_expression : multiplicative_expression . '*' cast_expression  (117)
	multiplicative_expression : multiplicative_expression . '/' cast_expression  (118)
	multiplicative_expression : multiplicative_expression . '%' cast_expression  (119)

	'*'  shift 139
	'/'  shift 140
	'%'  shift 141
	LEFT_SHIFT  reduce 115
	RIGHT_SHIFT  reduce 115
	LESS_OR_EQUAL  reduce 115
	GREATER_OR_EQUAL  reduce 115
	EQUALS  reduce 115
	NOT_EQUALS  reduce 115
	AND  reduce 115
	OR  reduce 115
	'+'  reduce 115
	'-'  reduce 115
	';'  reduce 115
	'}'  reduce 115
	':'  reduce 115
	')'  reduce 115
	','  reduce 115
	']'  reduce 115
	'?'  reduce 115
	'|'  reduce 115
	'^'  reduce 115
	'&'  reduce 115
	'<'  reduce 115
	'>'  reduce 115


state 203
	multiplicative_expression : multiplicative_expression '*' cast_expression .  (117)

	.  reduce 117


state 204
	multiplicative_expression : multiplicative_expression '/' cast_expression .  (118)

	.  reduce 118


state 205
	multiplicative_expression : multiplicative_expression '%' cast_expression .  (119)

	.  reduce 119


state 206
	assignment_expression : cast_expression assignment_op assignment_expression .  (87)

	.  reduce 87


state 207
	postfix_expression : postfix_expression '(' ')' .  (125)

	.  reduce 125


state 208
	argument_expression : assignment_expression .  (131)

	.  reduce 131


state 209
	postfix_expression : postfix_expression '(' argument_expression_list . ')'  (126)
	argument_expression_list : argument_expression_list . ',' argument_expression  (130)

	')'  shift 230
	','  shift 231
	.  error


state 210
	argument_expression_list : argument_expression .  (129)

	.  reduce 129


state 211
	expression : expression . ',' assignment_expression  (85)
	primary_expression : primary_expression '[' expression . ']'  (133)

	','  shift 121
	']'  shift 232
	.  error


state 212
	selection_stmt : IF '(' expression . ')' compound_stmt  (33)
	selection_stmt : IF '(' expression . ')' compound_stmt ELSE compound_stmt  (34)
	expression : expression . ',' assignment_expression  (85)

	')'  shift 233
	','  shift 121
	.  error


state 213
	selection_stmt : SWITCH '(' expression . ')' switch_clauses  (35)
	expression : expression . ',' assignment_expression  (85)

	')'  shift 234
	','  shift 121
	.  error


state 214
	iteration_stmt : DO stmt WHILE . '(' expression ')' ';'  (39)

	'('  shift 235
	.  error


state 215
	iteration_stmt : WHILE '(' expression . ')' stmt  (38)
	expression : expression . ',' assignment_expression  (85)

	')'  shift 236
	','  shift 121
	.  error


state 216
	expression_in_for : expression .  (36)
	expression : expression . ',' assignment_expression  (85)

	','  shift 121
	';'  reduce 36
	')'  reduce 36


state 217
	iteration_stmt : FOR '(' expression_in_for . ';' expression_in_for ';' expression_in_for ')' stmt  (40)

	';'  shift 237
	.  error


state 218
	jump_stmt : RETURN expression ';' .  (44)

	.  reduce 44


state 219
	initializer : '{' initializer_list . '}'  (81)
	initializer_list : initializer_list . ',' initializer  (83)

	'}'  shift 238
	','  shift 239
	.  error


state 220
	initializer_list : initializer .  (82)

	.  reduce 82


state 221
	direct_abstract_declarator : '(' parameter_list ')' .  (160)

	.  reduce 160


state 222
	direct_abstract_declarator : '(' abstract_declarator ')' .  (154)

	.  reduce 154


state 223
	direct_abstract_declarator : '[' expression ']' .  (156)

	.  reduce 156


state 224
	direct_abstract_declarator : direct_abstract_declarator '(' ')' .  (161)

	.  reduce 161


state 225
	parameter_list : parameter_list . ',' parameter_declaration  (72)
	direct_abstract_declarator : direct_abstract_declarator '(' parameter_list . ')'  (162)

	')'  shift 240
	','  shift 115
	.  error


state 226
	direct_abstract_declarator : direct_abstract_declarator '[' ']' .  (157)

	.  reduce 157


state 227
	expression : expression . ',' assignment_expression  (85)
	direct_abstract_declarator : direct_abstract_declarator '[' expression . ']'  (158)

	','  shift 121
	']'  shift 241
	.  error


state 228
	cast_expression : '(' type_name ')' cast_expression .  (121)

	.  reduce 121


state 229
	conditional_expression : logical_or_expression '?' expression ':' . conditional_expression  (91)

	IDENT  shift 46
	INTEGER  shift 47
	FLOATING  shift 48
	CHARACTER  shift 49
	STRING  shift 50
	INC  shift 51
	DEC  shift 52
	'+'  shift 53
	'-'  shift 54
	'*'  shift 55
	'('  shift 56
	'&'  shift 58
	'~'  shift 59
	'!'  shift 60
	.  error

	unary_op  goto 61
	conditional_expression  goto 242
	logical_or_expression  goto 66
	logical_and_expression  goto 67
	inclusive_or_expression  goto 68
	exclusive_or_expression  goto 69
	and_expression  goto 70
	equality_expression  goto 71
	relational_expression  goto 72
	shift_expression  goto 73
	additive_expression  goto 74
	multiplicative_expression  goto 75
	cast_expression  goto 187
	unary_expression  goto 77
	unary_op_list  goto 78
	postfix_expression  goto 79
	primary_expression  goto 80


state 230
	postfix_expression : postfix_expression '(' argument_expression_list ')' .  (126)

	.  reduce 126


state 231
	argument_expression_list : argument_expression_list ',' . argument_expression  (130)

	IDENT  shift 46
	INTEGER  shift 47
	FLOATING  shift 48
	CHARACTER  shift 49
	STRING  shift 50
	INC  shift 51
	DEC  shift 52
	'+'  shift 53
	'-'  shift 54
	'*'  shift 55
	'('  shift 56
	'&'  shift 58
	'~'  shift 59
	'!'  shift 60
	.  error

	unary_op  goto 61
	assignment_expression  goto 208
	constant_expression  goto 64
	conditional_expression  goto 65
	logical_or_expression  goto 66
	logical_and_expression  goto 67
	inclusive_or_expression  goto 68
	exclusive_or_expression  goto 69
	and_expression  goto 70
	equality_expression  goto 71
	relational_expression  goto 72
	shift_expression  goto 73
	additive_expression  goto 74
	multiplicative_expression  goto 75
	cast_expression  goto 76
	unary_expression  goto 77
	unary_op_list  goto 78
	postfix_expression  goto 79
	argument_expression  goto 243
	primary_expression  goto 80


state 232
	primary_expression : primary_expression '[' expression ']' .  (133)

	.  reduce 133


state 233
	selection_stmt : IF '(' expression ')' . compound_stmt  (33)
	selection_stmt : IF '(' expression ')' . compound_stmt ELSE compound_stmt  (34)

	'{'  shift 30
	.  error

	compound_stmt  goto 244


state 234
	selection_stmt : SWITCH '(' expression ')' . switch_clauses  (35)

	'{'  shift 245
	.  error

	switch_clauses  goto 246


state 235
	iteration_stmt : DO stmt WHILE '(' . expression ')' ';'  (39)

	IDENT  shift 46
	INTEGER  shift 47
	FLOATING  shift 48
	CHARACTER  shift 49
	STRING  shift 50
	INC  shift 51
	DEC  shift 52
	'+'  shift 53
	'-'  shift 54
	'*'  shift 55
	'('  shift 56
	'&'  shift 58
	'~'  shift 59
	'!'  shift 60
	.  error

	unary_op  goto 61
	expression  goto 247
	assignment_expression  goto 63
	constant_expression  goto 64
	conditional_expression  goto 65
	logical_or_expression  goto 66
	logical_and_expression  goto 67
	inclusive_or_expression  goto 68
	exclusive_or_expression  goto 69
	and_expression  goto 70
	equality_expression  goto 71
	relational_expression  goto 72
	shift_expression  goto 73
	additive_expression  goto 74
	multiplicative_expression  goto 75
	cast_expression  goto 76
	unary_expression  goto 77
	unary_op_list  goto 78
	postfix_expression  goto 79
	primary_expression  goto 80


state 236
	iteration_stmt : WHILE '(' expression ')' . stmt  (38)

	IDENT  shift 46
	INTEGER  shift 47
	FLOATING  shift 48
	CHARACTER  shift 49
	STRING  shift 50
	INC  shift 51
	DEC  shift 52
	IF  shift 81
	SWITCH  shift 82
	DO  shift 83
	WHILE  shift 84
	FOR  shift 85
	RETURN  shift 86
	BREAK  shift 87
	CONTINUE  shift 88
	'+'  shift 53
	'-'  shift 54
	'*'  shift 55
	';'  shift 89
	'{'  shift 30
	'('  shift 56
	'&'  shift 58
	'~'  shift 59
	'!'  shift 60
	.  error

	unary_op  goto 61
	stmt  goto 248
	compound_stmt  goto 93
	expression_stmt  goto 94
	selection_stmt  goto 95
	iteration_stmt  goto 96
	jump_stmt  goto 97
	expression  goto 99
	assignment_expression  goto 63
	constant_expression  goto 64
	conditional_expression  goto 65
	logical_or_expression  goto 66
	logical_and_expression  goto 67
	inclusive_or_expression  goto 68
	exclusive_or_expression  goto 69
	and_expression  goto 70
	equality_expression  goto 71
	relational_expression  goto 72
	shift_expression  goto 73
	additive_expression  goto 74
	multiplicative_expression  goto 75
	cast_expression  goto 76
	unary_expression  goto 77
	unary_op_list  goto 78
	postfix_expression  goto 79
	primary_expression  goto 80


state 237
	iteration_stmt : FOR '(' expression_in_for ';' . expression_in_for ';' expression_in_for ')' stmt  (40)
	expression_in_for : .  (37)

	IDENT  shift 46
	INTEGER  shift 47
	FLOATING  shift 48
	CHARACTER  shift 49
	STRING  shift 50
	INC  shift 51
	DEC  shift 52
	'+'  shift 53
	'-'  shift 54
	'*'  shift 55
	'('  shift 56
	'&'  shift 58
	'~'  shift 59
	'!'  shift 60
	';'  reduce 37

	unary_op  goto 61
	expression  goto 216
	expression_in_for  goto 249
	assignment_expression  goto 63
	constant_expression  goto 64
	conditional_expression  goto 65
	logical_or_expression  goto 66
	logical_and_expression  goto 67
	inclusive_or_expression  goto 68
	exclusive_or_expression  goto 69
	and_expression  goto 70
	equality_expression  goto 71
	relational_expression  goto 72
	shift_expression  goto 73
	additive_expression  goto 74
	multiplicative_expression  goto 75
	cast_expression  goto 76
	unary_expression  goto 77
	unary_op_list  goto 78
	postfix_expression  goto 79
	primary_expression  goto 80


state 238
	initializer : '{' initializer_list '}' .  (81)

	.  reduce 81


state 239
	initializer_list : initializer_list ',' . initializer  (83)

	IDENT  shift 46
	INTEGER  shift 47
	FLOATING  shift 48
	CHARACTER  shift 49
	STRING  shift 50
	INC  shift 51
	DEC  shift 52
	'+'  shift 53
	'-'  shift 54
	'*'  shift 55
	'{'  shift 165
	'('  shift 56
	'&'  shift 58
	'~'  shift 59
	'!'  shift 60
	.  error

	unary_op  goto 61
	initializer  goto 250
	assignment_expression  goto 167
	constant_expression  goto 64
	conditional_expression  goto 65
	logical_or_expression  goto 66
	logical_and_expression  goto 67
	inclusive_or_expression  goto 68
	exclusive_or_expression  goto 69
	and_expression  goto 70
	equality_expression  goto 71
	relational_expression  goto 72
	shift_expression  goto 73
	additive_expression  goto 74
	multiplicative_expression  goto 75
	cast_expression  goto 76
	unary_expression  goto 77
	unary_op_list  goto 78
	postfix_expression  goto 79
	primary_expression  goto 80


state 240
	direct_abstract_declarator : direct_abstract_declarator '(' parameter_list ')' .  (162)

	.  reduce 162


state 241
	direct_abstract_declarator : direct_abstract_declarator '[' expression ']' .  (158)

	.  reduce 158


state 242
	conditional_expression : logical_or_expression '?' expression ':' conditional_expression .  (91)

	.  reduce 91


state 243
	argument_expression_list : argument_expression_list ',' argument_expression .  (130)

	.  reduce 130


state 244
	selection_stmt : IF '(' expression ')' compound_stmt .  (33)
	selection_stmt : IF '(' expression ')' compound_stmt . ELSE compound_stmt  (34)

	ELSE  shift 251
	IDENT  reduce 33
	INTEGER  reduce 33
	FLOATING  reduce 33
	CHARACTER  reduce 33
	STRING  reduce 33
	INC  reduce 33
	DEC  reduce 33
	CONST  reduce 33
	SIGNED  reduce 33
	UNSIGNED  reduce 33
	SHORT  reduce 33
	LONG  reduce 33
	VOID  reduce 33
	INT  reduce 33
	CHAR  reduce 33
	FLOAT  reduce 33
	DOUBLE  reduce 33
	CHAR4  reduce 33
	IF  reduce 33
	SWITCH  reduce 33
	CASE  reduce 33
	DEFAULT  reduce 33
	DO  reduce 33
	WHILE  reduce 33
	FOR  reduce 33
	RETURN  reduce 33
	BREAK  reduce 33
	CONTINUE  reduce 33
	'+'  reduce 33
	'-'  reduce 33
	'*'  reduce 33
	';'  reduce 33
	'{'  reduce 33
	'}'  reduce 33
	'('  reduce 33
	'&'  reduce 33
	'~'  reduce 33
	'!'  reduce 33


state 245
	switch_clauses : '{' . switch_clause '}'  (18)
	switch_clauses : '{' . '}'  (19)

	CASE  shift 252
	DEFAULT  shift 253
	'}'  shift 254
	.  error

	switch_clause  goto 255
	labeled_stmt  goto 256


state 246
	selection_stmt : SWITCH '(' expression ')' switch_clauses .  (35)

	.  reduce 35


state 247
	iteration_stmt : DO stmt WHILE '(' expression . ')' ';'  (39)
	expression : expression . ',' assignment_expression  (85)

	')'  shift 257
	','  shift 121
	.  error


state 248
	iteration_stmt : WHILE '(' expression ')' stmt .  (38)

	.  reduce 38


state 249
	iteration_stmt : FOR '(' expression_in_for ';' expression_in_for . ';' expression_in_for ')' stmt  (40)

	';'  shift 258
	.  error


state 250
	initializer_list : initializer_list ',' initializer .  (83)

	.  reduce 83


state 251
	selection_stmt : IF '(' expression ')' compound_stmt ELSE . compound_stmt  (34)

	'{'  shift 30
	.  error

	compound_stmt  goto 259


state 252
	labeled_stmt : CASE . expression ':'  (23)

	IDENT  shift 46
	INTEGER  shift 47
	FLOATING  shift 48
	CHARACTER  shift 49
	STRING  shift 50
	INC  shift 51
	DEC  shift 52
	'+'  shift 53
	'-'  shift 54
	'*'  shift 55
	'('  shift 56
	'&'  shift 58
	'~'  shift 59
	'!'  shift 60
	.  error

	unary_op  goto 61
	expression  goto 260
	assignment_expression  goto 63
	constant_expression  goto 64
	conditional_expression  goto 65
	logical_or_expression  goto 66
	logical_and_expression  goto 67
	inclusive_or_expression  goto 68
	exclusive_or_expression  goto 69
	and_expression  goto 70
	equality_expression  goto 71
	relational_expression  goto 72
	shift_expression  goto 73
	additive_expression  goto 74
	multiplicative_expression  goto 75
	cast_expression  goto 76
	unary_expression  goto 77
	unary_op_list  goto 78
	postfix_expression  goto 79
	primary_expression  goto 80


state 253
	labeled_stmt : DEFAULT . ':'  (24)

	':'  shift 261
	.  error


state 254
	switch_clauses : '{' '}' .  (19)

	.  reduce 19


state 255
	switch_clauses : '{' switch_clause . '}'  (18)
	switch_clause : switch_clause . stmt  (20)
	switch_clause : switch_clause . labeled_stmt  (21)

	IDENT  shift 46
	INTEGER  shift 47
	FLOATING  shift 48
	CHARACTER  shift 49
	STRING  shift 50
	INC  shift 51
	DEC  shift 52
	IF  shift 81
	SWITCH  shift 82
	CASE  shift 252
	DEFAULT  shift 253
	DO  shift 83
	WHILE  shift 84
	FOR  shift 85
	RETURN  shift 86
	BREAK  shift 87
	CONTINUE  shift 88
	'+'  shift 53
	'-'  shift 54
	'*'  shift 55
	';'  shift 89
	'{'  shift 30
	'}'  shift 262
	'('  shift 56
	'&'  shift 58
	'~'  shift 59
	'!'  shift 60
	.  error

	unary_op  goto 61
	stmt  goto 263
	compound_stmt  goto 93
	labeled_stmt  goto 264
	expression_stmt  goto 94
	selection_stmt  goto 95
	iteration_stmt  goto 96
	jump_stmt  goto 97
	expression  goto 99
	assignment_expression  goto 63
	constant_expression  goto 64
	conditional_expression  goto 65
	logical_or_expression  goto 66
	logical_and_expression  goto 67
	inclusive_or_expression  goto 68
	exclusive_or_expression  goto 69
	and_expression  goto 70
	equality_expression  goto 71
	relational_expression  goto 72
	shift_expression  goto 73
	additive_expression  goto 74
	multiplicative_expression  goto 75
	cast_expression  goto 76
	unary_expression  goto 77
	unary_op_list  goto 78
	postfix_expression  goto 79
	primary_expression  goto 80


state 256
	switch_clause : labeled_stmt .  (22)

	.  reduce 22


state 257
	iteration_stmt : DO stmt WHILE '(' expression ')' . ';'  (39)

	';'  shift 265
	.  error


state 258
	iteration_stmt : FOR '(' expression_in_for ';' expression_in_for ';' . expression_in_for ')' stmt  (40)
	expression_in_for : .  (37)

	IDENT  shift 46
	INTEGER  shift 47
	FLOATING  shift 48
	CHARACTER  shift 49
	STRING  shift 50
	INC  shift 51
	DEC  shift 52
	'+'  shift 53
	'-'  shift 54
	'*'  shift 55
	'('  shift 56
	'&'  shift 58
	'~'  shift 59
	'!'  shift 60
	')'  reduce 37

	unary_op  goto 61
	expression  goto 216
	expression_in_for  goto 266
	assignment_expression  goto 63
	constant_expression  goto 64
	conditional_expression  goto 65
	logical_or_expression  goto 66
	logical_and_expression  goto 67
	inclusive_or_expression  goto 68
	exclusive_or_expression  goto 69
	and_expression  goto 70
	equality_expression  goto 71
	relational_expression  goto 72
	shift_expression  goto 73
	additive_expression  goto 74
	multiplicative_expression  goto 75
	cast_expression  goto 76
	unary_expression  goto 77
	unary_op_list  goto 78
	postfix_expression  goto 79
	primary_expression  goto 80


state 259
	selection_stmt : IF '(' expression ')' compound_stmt ELSE compound_stmt .  (34)

	.  reduce 34


state 260
	labeled_stmt : CASE expression . ':'  (23)
	expression : expression . ',' assignment_expression  (85)

	':'  shift 267
	','  shift 121
	.  error


state 261
	labeled_stmt : DEFAULT ':' .  (24)

	.  reduce 24


state 262
	switch_clauses : '{' switch_clause '}' .  (18)

	.  reduce 18


state 263
	switch_clause : switch_clause stmt .  (20)

	.  reduce 20


state 264
	switch_clause : switch_clause labeled_stmt .  (21)

	.  reduce 21


state 265
	iteration_stmt : DO stmt WHILE '(' expression ')' ';' .  (39)

	.  reduce 39


state 266
	iteration_stmt : FOR '(' expression_in_for ';' expression_in_for ';' expression_in_for . ')' stmt  (40)

	')'  shift 268
	.  error


state 267
	labeled_stmt : CASE expression ':' .  (23)

	.  reduce 23


state 268
	iteration_stmt : FOR '(' expression_in_for ';' expression_in_for ';' expression_in_for ')' . stmt  (40)

	IDENT  shift 46
	INTEGER  shift 47
	FLOATING  shift 48
	CHARACTER  shift 49
	STRING  shift 50
	INC  shift 51
	DEC  shift 52
	IF  shift 81
	SWITCH  shift 82
	DO  shift 83
	WHILE  shift 84
	FOR  shift 85
	RETURN  shift 86
	BREAK  shift 87
	CONTINUE  shift 88
	'+'  shift 53
	'-'  shift 54
	'*'  shift 55
	';'  shift 89
	'{'  shift 30
	'('  shift 56
	'&'  shift 58
	'~'  shift 59
	'!'  shift 60
	.  error

	unary_op  goto 61
	stmt  goto 269
	compound_stmt  goto 93
	expression_stmt  goto 94
	selection_stmt  goto 95
	iteration_stmt  goto 96
	jump_stmt  goto 97
	expression  goto 99
	assignment_expression  goto 63
	constant_expression  goto 64
	conditional_expression  goto 65
	logical_or_expression  goto 66
	logical_and_expression  goto 67
	inclusive_or_expression  goto 68
	exclusive_or_expression  goto 69
	and_expression  goto 70
	equality_expression  goto 71
	relational_expression  goto 72
	shift_expression  goto 73
	additive_expression  goto 74
	multiplicative_expression  goto 75
	cast_expression  goto 76
	unary_expression  goto 77
	unary_op_list  goto 78
	postfix_expression  goto 79
	primary_expression  goto 80


state 269
	iteration_stmt : FOR '(' expression_in_for ';' expression_in_for ';' expression_in_for ')' stmt .  (40)

	.  reduce 40


62 terminals, 56 nonterminals
163 grammar rules, 270 states
